#
# There is insufficient memory for the Java Runtime Environment to continue.
# Native memory allocation (malloc) failed to allocate 576240 bytes for Chunk::new
# Possible reasons:
#   The system is out of physical RAM or swap space
#   The process is running with CompressedOops enabled, and the Java Heap may be blocking the growth of the native heap
# Possible solutions:
#   Reduce memory load on the system
#   Increase physical memory or swap space
#   Check if swap backing store is full
#   Decrease Java heap size (-Xmx/-Xms)
#   Decrease number of Java threads
#   Decrease Java thread stack sizes (-Xss)
#   Set larger code cache with -XX:ReservedCodeCacheSize=
#   JVM is running with Unscaled Compressed Oops mode in which the Java heap is
#     placed in the first 4GB address space. The Java Heap base address is the
#     maximum limit for the native heap growth. Please use -XX:HeapBaseMinAddress
#     to set the Java Heap base and to place the Java Heap above 4GB virtual address.
# This output file may be truncated or incomplete.
#
#  Out of Memory Error (arena.cpp:184), pid=20676, tid=12544
#
# JRE version: OpenJDK Runtime Environment (19.0.2+7) (build 19.0.2+7-44)
# Java VM: OpenJDK 64-Bit Server VM (19.0.2+7-44, mixed mode, sharing, tiered, compressed oops, compressed class ptrs, g1 gc, windows-amd64)
# No core dump will be written. Minidumps are not enabled by default on client versions of Windows
#

---------------  S U M M A R Y ------------

Command Line: -javaagent:E:\intel\IntelliJ IDEA Community Edition 2023.1\lib\idea_rt.jar=60925:E:\intel\IntelliJ IDEA Community Edition 2023.1\bin -Dfile.encoding=UTF-8 -Dsun.stdout.encoding=UTF-8 -Dsun.stderr.encoding=UTF-8 com.patelaviral.service_reg.ServiceRegApplication

Host: AMD Ryzen 5 5600H with Radeon Graphics         , 12 cores, 5G,  Windows 11 , 64 bit Build 22621 (10.0.22621.4830)
Time: Wed Feb 26 12:19:27 2025 India Standard Time elapsed time: 3.919653 seconds (0d 0h 0m 3s)

---------------  T H R E A D  ---------------

Current thread (0x00000250a6adb4e0):  JavaThread "C2 CompilerThread1" daemon [_thread_in_native, id=12544, stack(0x00000074ae200000,0x00000074ae300000)]


Current CompileTask:
C2:   3919 5258       4       jdk.internal.loader.BuiltinClassLoader::getAndVerifyPackage (113 bytes)

Stack: [0x00000074ae200000,0x00000074ae300000]
Native frames: (J=compiled Java code, j=interpreted, Vv=VM code, C=native code)
V  [jvm.dll+0x6ee21a]
V  [jvm.dll+0x85765e]
V  [jvm.dll+0x85904e]
V  [jvm.dll+0x859703]
V  [jvm.dll+0x28298f]
V  [jvm.dll+0xc9adf]
V  [jvm.dll+0xc9e65]
V  [jvm.dll+0x3bca4c]
V  [jvm.dll+0x3860e1]
V  [jvm.dll+0x38555a]
V  [jvm.dll+0x24c3d9]
V  [jvm.dll+0x24b781]
V  [jvm.dll+0x1d6ce1]
V  [jvm.dll+0x25b25a]
V  [jvm.dll+0x2596e8]
V  [jvm.dll+0x807588]
V  [jvm.dll+0x80125a]
V  [jvm.dll+0x6ecf0b]
C  [ucrtbase.dll+0x29333]
C  [KERNEL32.DLL+0x1259d]
C  [ntdll.dll+0x5af38]


---------------  P R O C E S S  ---------------

Threads class SMR info:
_java_thread_list=0x00000250a8457460, length=14, elements={
0x0000025084e82a10, 0x00000250a26fb970, 0x00000250a26fc660, 0x00000250a2700510,
0x00000250a2702f50, 0x00000250a2705890, 0x00000250a27081d0, 0x00000250a2709840,
0x00000250a2716fe0, 0x00000250a2718160, 0x00000250a69840e0, 0x00000250a6adb4e0,
0x00000250a6dca480, 0x00000250a6dca9c0
}

Java Threads: ( => current thread )
  0x0000025084e82a10 JavaThread "main" [_thread_in_vm, id=11896, stack(0x00000074ad100000,0x00000074ad200000)]
  0x00000250a26fb970 JavaThread "Reference Handler" daemon [_thread_blocked, id=19440, stack(0x00000074ad800000,0x00000074ad900000)]
  0x00000250a26fc660 JavaThread "Finalizer" daemon [_thread_blocked, id=21868, stack(0x00000074ad900000,0x00000074ada00000)]
  0x00000250a2700510 JavaThread "Signal Dispatcher" daemon [_thread_blocked, id=19448, stack(0x00000074ada00000,0x00000074adb00000)]
  0x00000250a2702f50 JavaThread "Attach Listener" daemon [_thread_blocked, id=21016, stack(0x00000074adb00000,0x00000074adc00000)]
  0x00000250a2705890 JavaThread "Service Thread" daemon [_thread_blocked, id=20988, stack(0x00000074adc00000,0x00000074add00000)]
  0x00000250a27081d0 JavaThread "Monitor Deflation Thread" daemon [_thread_blocked, id=6796, stack(0x00000074add00000,0x00000074ade00000)]
  0x00000250a2709840 JavaThread "C2 CompilerThread0" daemon [_thread_in_native, id=9544, stack(0x00000074ade00000,0x00000074adf00000)]
  0x00000250a2716fe0 JavaThread "C1 CompilerThread0" daemon [_thread_blocked, id=5680, stack(0x00000074adf00000,0x00000074ae000000)]
  0x00000250a2718160 JavaThread "Sweeper thread" daemon [_thread_blocked, id=6020, stack(0x00000074ae000000,0x00000074ae100000)]
  0x00000250a69840e0 JavaThread "Common-Cleaner" daemon [_thread_blocked, id=1780, stack(0x00000074ae100000,0x00000074ae200000)]
=>0x00000250a6adb4e0 JavaThread "C2 CompilerThread1" daemon [_thread_in_native, id=12544, stack(0x00000074ae200000,0x00000074ae300000)]
  0x00000250a6dca480 JavaThread "Monitor Ctrl-Break" daemon [_thread_in_native, id=18160, stack(0x00000074ae300000,0x00000074ae400000)]
  0x00000250a6dca9c0 JavaThread "Notification Thread" daemon [_thread_blocked, id=17844, stack(0x00000074ae400000,0x00000074ae500000)]

Other Threads:
  0x00000250a26e31a0 VMThread "VM Thread" [stack: 0x00000074ad700000,0x00000074ad800000] [id=15392]
  0x00000250a6d5fd90 WatcherThread "VM Periodic Task Thread" [stack: 0x00000074ae500000,0x00000074ae600000] [id=19088]
  0x0000025084ed3130 WorkerThread "GC Thread#0" [stack: 0x00000074ad200000,0x00000074ad300000] [id=19624]
  0x00000250a770f300 WorkerThread "GC Thread#1" [stack: 0x00000074ae600000,0x00000074ae700000] [id=2960]
  0x00000250a737f6e0 WorkerThread "GC Thread#2" [stack: 0x00000074ae700000,0x00000074ae800000] [id=20584]
  0x00000250a7769670 WorkerThread "GC Thread#3" [stack: 0x00000074ae800000,0x00000074ae900000] [id=2560]
  0x00000250a7768e00 WorkerThread "GC Thread#4" [stack: 0x00000074ae900000,0x00000074aea00000] [id=2420]
  0x00000250a776a1b0 WorkerThread "GC Thread#5" [stack: 0x00000074aea00000,0x00000074aeb00000] [id=8508]
  0x00000250a7768b30 WorkerThread "GC Thread#6" [stack: 0x00000074aeb00000,0x00000074aec00000] [id=11704]
  0x00000250a77690d0 WorkerThread "GC Thread#7" [stack: 0x00000074aec00000,0x00000074aed00000] [id=21368]
  0x00000250a7768860 WorkerThread "GC Thread#8" [stack: 0x00000074aee00000,0x00000074aef00000] [id=22296]
  0x00000250a77693a0 WorkerThread "GC Thread#9" [stack: 0x00000074aef00000,0x00000074af000000] [id=10732]
  0x0000025084ee1dc0 ConcurrentGCThread "G1 Main Marker" [stack: 0x00000074ad300000,0x00000074ad400000] [id=11232]
  0x0000025084ee27f0 WorkerThread "G1 Conc#0" [stack: 0x00000074ad400000,0x00000074ad500000] [id=16236]
  0x00000250a8266c30 WorkerThread "G1 Conc#1" [stack: 0x00000074aed00000,0x00000074aee00000] [id=19824]
  0x00000250a8266f00 WorkerThread "G1 Conc#2" [stack: 0x00000074af000000,0x00000074af100000] [id=20972]
  0x0000025084f2e8e0 ConcurrentGCThread "G1 Refine#0" [stack: 0x00000074ad500000,0x00000074ad600000] [id=17556]
  0x00000250a259f680 ConcurrentGCThread "G1 Service" [stack: 0x00000074ad600000,0x00000074ad700000] [id=22908]

Threads with active compile tasks:
C2 CompilerThread0     3940 5226       4       jdk.internal.loader.BuiltinClassLoader::defineClass (121 bytes)
C2 CompilerThread1     3940 5258       4       jdk.internal.loader.BuiltinClassLoader::getAndVerifyPackage (113 bytes)

VM state: not at safepoint (normal execution)

VM Mutex/Monitor currently owned by a thread: None

Heap address: 0x00000000a2400000, size: 1500 MB, Compressed Oops mode: 32-bit

CDS archive(s) mapped at: [0x0000000800000000-0x0000000800c40000-0x0000000800c40000), size 12845056, SharedBaseAddress: 0x0000000800000000, ArchiveRelocationMode: 0.
Compressed class space mapped at: 0x0000000801000000-0x0000000841000000, reserved size: 1073741824
Narrow klass base: 0x0000000800000000, Narrow klass shift: 0, Narrow klass range: 0x100000000

GC Precious Log:
 CardTable entry size: 512
 Card Set container configuration: InlinePtr #cards 5 size 8 Array Of Cards #cards 12 size 40 Howl #buckets 4 coarsen threshold 1843 Howl Bitmap #cards 512 size 80 coarsen threshold 460 Card regions per heap region 1 cards per card region 2048
 CPUs: 12 total, 12 available
 Memory: 5996M
 Large Page Support: Disabled
 NUMA Support: Disabled
 Compressed Oops: Enabled (32-bit)
 Heap Region Size: 1M
 Heap Min Capacity: 8M
 Heap Initial Capacity: 94M
 Heap Max Capacity: 1500M
 Pre-touch: Disabled
 Parallel Workers: 10
 Concurrent Workers: 3
 Concurrent Refinement Workers: 10
 Periodic GC: Disabled

Heap:
 garbage-first heap   total 134144K, used 36174K [0x00000000a2400000, 0x0000000100000000)
  region size 1024K, 7 young (7168K), 1 survivors (1024K)
 Metaspace       used 41908K, committed 42432K, reserved 1114112K
  class space    used 5252K, committed 5504K, reserved 1048576K

Heap Regions: E=young(eden), S=young(survivor), O=old, HS=humongous(starts), HC=humongous(continues), CS=collection set, F=free, OA=open archive, CA=closed archive, TAMS=top-at-mark-start (previous, next)
|   0|0x00000000a2400000, 0x00000000a2500000, 0x00000000a2500000|100%|HS|  |TAMS 0x00000000a2500000, 0x00000000a2400000| Complete 
|   1|0x00000000a2500000, 0x00000000a2600000, 0x00000000a2600000|100%| O|  |TAMS 0x00000000a2600000, 0x00000000a2500000| Untracked 
|   2|0x00000000a2600000, 0x00000000a2700000, 0x00000000a2700000|100%| O|  |TAMS 0x00000000a2700000, 0x00000000a2600000| Untracked 
|   3|0x00000000a2700000, 0x00000000a2800000, 0x00000000a2800000|100%| O|  |TAMS 0x00000000a2800000, 0x00000000a2700000| Untracked 
|   4|0x00000000a2800000, 0x00000000a2900000, 0x00000000a2900000|100%| O|  |TAMS 0x00000000a2900000, 0x00000000a2800000| Untracked 
|   5|0x00000000a2900000, 0x00000000a2a00000, 0x00000000a2a00000|100%| O|  |TAMS 0x00000000a2a00000, 0x00000000a2900000| Untracked 
|   6|0x00000000a2a00000, 0x00000000a2b00000, 0x00000000a2b00000|100%| O|  |TAMS 0x00000000a2b00000, 0x00000000a2a00000| Untracked 
|   7|0x00000000a2b00000, 0x00000000a2c00000, 0x00000000a2c00000|100%| O|  |TAMS 0x00000000a2c00000, 0x00000000a2b00000| Untracked 
|   8|0x00000000a2c00000, 0x00000000a2d00000, 0x00000000a2d00000|100%| O|  |TAMS 0x00000000a2d00000, 0x00000000a2c00000| Untracked 
|   9|0x00000000a2d00000, 0x00000000a2e00000, 0x00000000a2e00000|100%| O|  |TAMS 0x00000000a2e00000, 0x00000000a2d00000| Untracked 
|  10|0x00000000a2e00000, 0x00000000a2f00000, 0x00000000a2f00000|100%| O|  |TAMS 0x00000000a2f00000, 0x00000000a2e00000| Untracked 
|  11|0x00000000a2f00000, 0x00000000a3000000, 0x00000000a3000000|100%| O|  |TAMS 0x00000000a3000000, 0x00000000a2f00000| Untracked 
|  12|0x00000000a3000000, 0x00000000a3100000, 0x00000000a3100000|100%| O|  |TAMS 0x00000000a3100000, 0x00000000a3000000| Untracked 
|  13|0x00000000a3100000, 0x00000000a3200000, 0x00000000a3200000|100%| O|  |TAMS 0x00000000a3200000, 0x00000000a3100000| Untracked 
|  14|0x00000000a3200000, 0x00000000a3300000, 0x00000000a3300000|100%| O|  |TAMS 0x00000000a3300000, 0x00000000a3200000| Untracked 
|  15|0x00000000a3300000, 0x00000000a3400000, 0x00000000a3400000|100%| O|  |TAMS 0x00000000a3400000, 0x00000000a3300000| Untracked 
|  16|0x00000000a3400000, 0x00000000a3400000, 0x00000000a3500000|  0%| F|  |TAMS 0x00000000a3400000, 0x00000000a3400000| Untracked 
|  17|0x00000000a3500000, 0x00000000a3600000, 0x00000000a3600000|100%| O|  |TAMS 0x00000000a3600000, 0x00000000a3500000| Untracked 
|  18|0x00000000a3600000, 0x00000000a3700000, 0x00000000a3700000|100%| O|  |TAMS 0x00000000a3700000, 0x00000000a3600000| Untracked 
|  19|0x00000000a3700000, 0x00000000a3800000, 0x00000000a3800000|100%| O|  |TAMS 0x00000000a3800000, 0x00000000a3700000| Untracked 
|  20|0x00000000a3800000, 0x00000000a3900000, 0x00000000a3900000|100%| O|  |TAMS 0x00000000a3900000, 0x00000000a3800000| Untracked 
|  21|0x00000000a3900000, 0x00000000a3a00000, 0x00000000a3a00000|100%| O|  |TAMS 0x00000000a3a00000, 0x00000000a3900000| Untracked 
|  22|0x00000000a3a00000, 0x00000000a3b00000, 0x00000000a3b00000|100%| O|  |TAMS 0x00000000a3adde00, 0x00000000a3a00000| Untracked 
|  23|0x00000000a3b00000, 0x00000000a3c00000, 0x00000000a3c00000|100%| O|  |TAMS 0x00000000a3b00000, 0x00000000a3b00000| Untracked 
|  24|0x00000000a3c00000, 0x00000000a3d00000, 0x00000000a3d00000|100%| O|  |TAMS 0x00000000a3c00000, 0x00000000a3c00000| Untracked 
|  25|0x00000000a3d00000, 0x00000000a3e00000, 0x00000000a3e00000|100%| O|  |TAMS 0x00000000a3d00000, 0x00000000a3d00000| Untracked 
|  26|0x00000000a3e00000, 0x00000000a3f00000, 0x00000000a3f00000|100%| O|  |TAMS 0x00000000a3e00000, 0x00000000a3e00000| Untracked 
|  27|0x00000000a3f00000, 0x00000000a4000000, 0x00000000a4000000|100%| O|  |TAMS 0x00000000a3f00000, 0x00000000a3f00000| Untracked 
|  28|0x00000000a4000000, 0x00000000a4100000, 0x00000000a4100000|100%| O|  |TAMS 0x00000000a4000000, 0x00000000a4000000| Untracked 
|  29|0x00000000a4100000, 0x00000000a4200000, 0x00000000a4200000|100%| O|  |TAMS 0x00000000a4100000, 0x00000000a4100000| Untracked 
|  30|0x00000000a4200000, 0x00000000a4284600, 0x00000000a4300000| 51%| O|  |TAMS 0x00000000a4200000, 0x00000000a4200000| Untracked 
|  31|0x00000000a4300000, 0x00000000a4300000, 0x00000000a4400000|  0%| F|  |TAMS 0x00000000a4300000, 0x00000000a4300000| Untracked 
|  32|0x00000000a4400000, 0x00000000a4400000, 0x00000000a4500000|  0%| F|  |TAMS 0x00000000a4400000, 0x00000000a4400000| Untracked 
|  33|0x00000000a4500000, 0x00000000a4500000, 0x00000000a4600000|  0%| F|  |TAMS 0x00000000a4500000, 0x00000000a4500000| Untracked 
|  34|0x00000000a4600000, 0x00000000a4600000, 0x00000000a4700000|  0%| F|  |TAMS 0x00000000a4600000, 0x00000000a4600000| Untracked 
|  35|0x00000000a4700000, 0x00000000a4700000, 0x00000000a4800000|  0%| F|  |TAMS 0x00000000a4700000, 0x00000000a4700000| Untracked 
|  36|0x00000000a4800000, 0x00000000a4800000, 0x00000000a4900000|  0%| F|  |TAMS 0x00000000a4800000, 0x00000000a4800000| Untracked 
|  37|0x00000000a4900000, 0x00000000a4900000, 0x00000000a4a00000|  0%| F|  |TAMS 0x00000000a4900000, 0x00000000a4900000| Untracked 
|  38|0x00000000a4a00000, 0x00000000a4a00000, 0x00000000a4b00000|  0%| F|  |TAMS 0x00000000a4a00000, 0x00000000a4a00000| Untracked 
|  39|0x00000000a4b00000, 0x00000000a4b00000, 0x00000000a4c00000|  0%| F|  |TAMS 0x00000000a4b00000, 0x00000000a4b00000| Untracked 
|  40|0x00000000a4c00000, 0x00000000a4c00000, 0x00000000a4d00000|  0%| F|  |TAMS 0x00000000a4c00000, 0x00000000a4c00000| Untracked 
|  41|0x00000000a4d00000, 0x00000000a4d00000, 0x00000000a4e00000|  0%| F|  |TAMS 0x00000000a4d00000, 0x00000000a4d00000| Untracked 
|  42|0x00000000a4e00000, 0x00000000a4e00000, 0x00000000a4f00000|  0%| F|  |TAMS 0x00000000a4e00000, 0x00000000a4e00000| Untracked 
|  43|0x00000000a4f00000, 0x00000000a4f00000, 0x00000000a5000000|  0%| F|  |TAMS 0x00000000a4f00000, 0x00000000a4f00000| Untracked 
|  44|0x00000000a5000000, 0x00000000a5000000, 0x00000000a5100000|  0%| F|  |TAMS 0x00000000a5000000, 0x00000000a5000000| Untracked 
|  45|0x00000000a5100000, 0x00000000a5100000, 0x00000000a5200000|  0%| F|  |TAMS 0x00000000a5100000, 0x00000000a5100000| Untracked 
|  46|0x00000000a5200000, 0x00000000a5200000, 0x00000000a5300000|  0%| F|  |TAMS 0x00000000a5200000, 0x00000000a5200000| Untracked 
|  47|0x00000000a5300000, 0x00000000a5300000, 0x00000000a5400000|  0%| F|  |TAMS 0x00000000a5300000, 0x00000000a5300000| Untracked 
|  48|0x00000000a5400000, 0x00000000a5400000, 0x00000000a5500000|  0%| F|  |TAMS 0x00000000a5400000, 0x00000000a5400000| Untracked 
|  49|0x00000000a5500000, 0x00000000a5500000, 0x00000000a5600000|  0%| F|  |TAMS 0x00000000a5500000, 0x00000000a5500000| Untracked 
|  50|0x00000000a5600000, 0x00000000a5600000, 0x00000000a5700000|  0%| F|  |TAMS 0x00000000a5600000, 0x00000000a5600000| Untracked 
|  51|0x00000000a5700000, 0x00000000a5700000, 0x00000000a5800000|  0%| F|  |TAMS 0x00000000a5700000, 0x00000000a5700000| Untracked 
|  52|0x00000000a5800000, 0x00000000a5800000, 0x00000000a5900000|  0%| F|  |TAMS 0x00000000a5800000, 0x00000000a5800000| Untracked 
|  53|0x00000000a5900000, 0x00000000a5900000, 0x00000000a5a00000|  0%| F|  |TAMS 0x00000000a5900000, 0x00000000a5900000| Untracked 
|  54|0x00000000a5a00000, 0x00000000a5a00000, 0x00000000a5b00000|  0%| F|  |TAMS 0x00000000a5a00000, 0x00000000a5a00000| Untracked 
|  55|0x00000000a5b00000, 0x00000000a5b00000, 0x00000000a5c00000|  0%| F|  |TAMS 0x00000000a5b00000, 0x00000000a5b00000| Untracked 
|  56|0x00000000a5c00000, 0x00000000a5c00000, 0x00000000a5d00000|  0%| F|  |TAMS 0x00000000a5c00000, 0x00000000a5c00000| Untracked 
|  57|0x00000000a5d00000, 0x00000000a5d00000, 0x00000000a5e00000|  0%| F|  |TAMS 0x00000000a5d00000, 0x00000000a5d00000| Untracked 
|  58|0x00000000a5e00000, 0x00000000a5e00000, 0x00000000a5f00000|  0%| F|  |TAMS 0x00000000a5e00000, 0x00000000a5e00000| Untracked 
|  59|0x00000000a5f00000, 0x00000000a5f00000, 0x00000000a6000000|  0%| F|  |TAMS 0x00000000a5f00000, 0x00000000a5f00000| Untracked 
|  60|0x00000000a6000000, 0x00000000a6000000, 0x00000000a6100000|  0%| F|  |TAMS 0x00000000a6000000, 0x00000000a6000000| Untracked 
|  61|0x00000000a6100000, 0x00000000a6100000, 0x00000000a6200000|  0%| F|  |TAMS 0x00000000a6100000, 0x00000000a6100000| Untracked 
|  62|0x00000000a6200000, 0x00000000a6200000, 0x00000000a6300000|  0%| F|  |TAMS 0x00000000a6200000, 0x00000000a6200000| Untracked 
|  63|0x00000000a6300000, 0x00000000a6300000, 0x00000000a6400000|  0%| F|  |TAMS 0x00000000a6300000, 0x00000000a6300000| Untracked 
|  64|0x00000000a6400000, 0x00000000a6400000, 0x00000000a6500000|  0%| F|  |TAMS 0x00000000a6400000, 0x00000000a6400000| Untracked 
|  65|0x00000000a6500000, 0x00000000a6500000, 0x00000000a6600000|  0%| F|  |TAMS 0x00000000a6500000, 0x00000000a6500000| Untracked 
|  66|0x00000000a6600000, 0x00000000a6600000, 0x00000000a6700000|  0%| F|  |TAMS 0x00000000a6600000, 0x00000000a6600000| Untracked 
|  67|0x00000000a6700000, 0x00000000a6700000, 0x00000000a6800000|  0%| F|  |TAMS 0x00000000a6700000, 0x00000000a6700000| Untracked 
|  68|0x00000000a6800000, 0x00000000a6800000, 0x00000000a6900000|  0%| F|  |TAMS 0x00000000a6800000, 0x00000000a6800000| Untracked 
|  69|0x00000000a6900000, 0x00000000a6900000, 0x00000000a6a00000|  0%| F|  |TAMS 0x00000000a6900000, 0x00000000a6900000| Untracked 
|  70|0x00000000a6a00000, 0x00000000a6a00000, 0x00000000a6b00000|  0%| F|  |TAMS 0x00000000a6a00000, 0x00000000a6a00000| Untracked 
|  71|0x00000000a6b00000, 0x00000000a6b00000, 0x00000000a6c00000|  0%| F|  |TAMS 0x00000000a6b00000, 0x00000000a6b00000| Untracked 
|  72|0x00000000a6c00000, 0x00000000a6c00000, 0x00000000a6d00000|  0%| F|  |TAMS 0x00000000a6c00000, 0x00000000a6c00000| Untracked 
|  73|0x00000000a6d00000, 0x00000000a6d00000, 0x00000000a6e00000|  0%| F|  |TAMS 0x00000000a6d00000, 0x00000000a6d00000| Untracked 
|  74|0x00000000a6e00000, 0x00000000a6e00000, 0x00000000a6f00000|  0%| F|  |TAMS 0x00000000a6e00000, 0x00000000a6e00000| Untracked 
|  75|0x00000000a6f00000, 0x00000000a6f00000, 0x00000000a7000000|  0%| F|  |TAMS 0x00000000a6f00000, 0x00000000a6f00000| Untracked 
|  76|0x00000000a7000000, 0x00000000a7000000, 0x00000000a7100000|  0%| F|  |TAMS 0x00000000a7000000, 0x00000000a7000000| Untracked 
|  77|0x00000000a7100000, 0x00000000a7100000, 0x00000000a7200000|  0%| F|  |TAMS 0x00000000a7100000, 0x00000000a7100000| Untracked 
|  78|0x00000000a7200000, 0x00000000a7200000, 0x00000000a7300000|  0%| F|  |TAMS 0x00000000a7200000, 0x00000000a7200000| Untracked 
|  79|0x00000000a7300000, 0x00000000a73cf550, 0x00000000a7400000| 80%| S|CS|TAMS 0x00000000a7300000, 0x00000000a7300000| Complete 
|  80|0x00000000a7400000, 0x00000000a7400000, 0x00000000a7500000|  0%| F|  |TAMS 0x00000000a7400000, 0x00000000a7400000| Untracked 
|  81|0x00000000a7500000, 0x00000000a7500000, 0x00000000a7600000|  0%| F|  |TAMS 0x00000000a7500000, 0x00000000a7500000| Untracked 
|  82|0x00000000a7600000, 0x00000000a7600000, 0x00000000a7700000|  0%| F|  |TAMS 0x00000000a7600000, 0x00000000a7600000| Untracked 
|  83|0x00000000a7700000, 0x00000000a7700000, 0x00000000a7800000|  0%| F|  |TAMS 0x00000000a7700000, 0x00000000a7700000| Untracked 
|  84|0x00000000a7800000, 0x00000000a7800000, 0x00000000a7900000|  0%| F|  |TAMS 0x00000000a7800000, 0x00000000a7800000| Untracked 
|  85|0x00000000a7900000, 0x00000000a7900000, 0x00000000a7a00000|  0%| F|  |TAMS 0x00000000a7900000, 0x00000000a7900000| Untracked 
|  86|0x00000000a7a00000, 0x00000000a7a00000, 0x00000000a7b00000|  0%| F|  |TAMS 0x00000000a7a00000, 0x00000000a7a00000| Untracked 
|  87|0x00000000a7b00000, 0x00000000a7b00000, 0x00000000a7c00000|  0%| F|  |TAMS 0x00000000a7b00000, 0x00000000a7b00000| Untracked 
|  88|0x00000000a7c00000, 0x00000000a7c00000, 0x00000000a7d00000|  0%| F|  |TAMS 0x00000000a7c00000, 0x00000000a7c00000| Untracked 
|  89|0x00000000a7d00000, 0x00000000a7d00000, 0x00000000a7e00000|  0%| F|  |TAMS 0x00000000a7d00000, 0x00000000a7d00000| Untracked 
|  90|0x00000000a7e00000, 0x00000000a7e00000, 0x00000000a7f00000|  0%| F|  |TAMS 0x00000000a7e00000, 0x00000000a7e00000| Untracked 
|  91|0x00000000a7f00000, 0x00000000a7f00000, 0x00000000a8000000|  0%| F|  |TAMS 0x00000000a7f00000, 0x00000000a7f00000| Untracked 
|  92|0x00000000a8000000, 0x00000000a8000000, 0x00000000a8100000|  0%| F|  |TAMS 0x00000000a8000000, 0x00000000a8000000| Untracked 
|  93|0x00000000a8100000, 0x00000000a8100000, 0x00000000a8200000|  0%| F|  |TAMS 0x00000000a8100000, 0x00000000a8100000| Untracked 
|  94|0x00000000a8200000, 0x00000000a8200000, 0x00000000a8300000|  0%| F|  |TAMS 0x00000000a8200000, 0x00000000a8200000| Untracked 
|  95|0x00000000a8300000, 0x00000000a8300000, 0x00000000a8400000|  0%| F|  |TAMS 0x00000000a8300000, 0x00000000a8300000| Untracked 
|  96|0x00000000a8400000, 0x00000000a8400000, 0x00000000a8500000|  0%| F|  |TAMS 0x00000000a8400000, 0x00000000a8400000| Untracked 
|  97|0x00000000a8500000, 0x00000000a8500000, 0x00000000a8600000|  0%| F|  |TAMS 0x00000000a8500000, 0x00000000a8500000| Untracked 
|  98|0x00000000a8600000, 0x00000000a8600000, 0x00000000a8700000|  0%| F|  |TAMS 0x00000000a8600000, 0x00000000a8600000| Untracked 
|  99|0x00000000a8700000, 0x00000000a8700000, 0x00000000a8800000|  0%| F|  |TAMS 0x00000000a8700000, 0x00000000a8700000| Untracked 
| 100|0x00000000a8800000, 0x00000000a8800000, 0x00000000a8900000|  0%| F|  |TAMS 0x00000000a8800000, 0x00000000a8800000| Untracked 
| 101|0x00000000a8900000, 0x00000000a8900000, 0x00000000a8a00000|  0%| F|  |TAMS 0x00000000a8900000, 0x00000000a8900000| Untracked 
| 102|0x00000000a8a00000, 0x00000000a8a00000, 0x00000000a8b00000|  0%| F|  |TAMS 0x00000000a8a00000, 0x00000000a8a00000| Untracked 
| 103|0x00000000a8b00000, 0x00000000a8b00000, 0x00000000a8c00000|  0%| F|  |TAMS 0x00000000a8b00000, 0x00000000a8b00000| Untracked 
| 104|0x00000000a8c00000, 0x00000000a8c00000, 0x00000000a8d00000|  0%| F|  |TAMS 0x00000000a8c00000, 0x00000000a8c00000| Untracked 
| 105|0x00000000a8d00000, 0x00000000a8d00000, 0x00000000a8e00000|  0%| F|  |TAMS 0x00000000a8d00000, 0x00000000a8d00000| Untracked 
| 106|0x00000000a8e00000, 0x00000000a8e00000, 0x00000000a8f00000|  0%| F|  |TAMS 0x00000000a8e00000, 0x00000000a8e00000| Untracked 
| 107|0x00000000a8f00000, 0x00000000a8f00000, 0x00000000a9000000|  0%| F|  |TAMS 0x00000000a8f00000, 0x00000000a8f00000| Untracked 
| 108|0x00000000a9000000, 0x00000000a9000000, 0x00000000a9100000|  0%| F|  |TAMS 0x00000000a9000000, 0x00000000a9000000| Untracked 
| 109|0x00000000a9100000, 0x00000000a9100000, 0x00000000a9200000|  0%| F|  |TAMS 0x00000000a9100000, 0x00000000a9100000| Untracked 
| 110|0x00000000a9200000, 0x00000000a9200000, 0x00000000a9300000|  0%| F|  |TAMS 0x00000000a9200000, 0x00000000a9200000| Untracked 
| 111|0x00000000a9300000, 0x00000000a9300000, 0x00000000a9400000|  0%| F|  |TAMS 0x00000000a9300000, 0x00000000a9300000| Untracked 
| 112|0x00000000a9400000, 0x00000000a9400000, 0x00000000a9500000|  0%| F|  |TAMS 0x00000000a9400000, 0x00000000a9400000| Untracked 
| 113|0x00000000a9500000, 0x00000000a9500000, 0x00000000a9600000|  0%| F|  |TAMS 0x00000000a9500000, 0x00000000a9500000| Untracked 
| 114|0x00000000a9600000, 0x00000000a9600000, 0x00000000a9700000|  0%| F|  |TAMS 0x00000000a9600000, 0x00000000a9600000| Untracked 
| 115|0x00000000a9700000, 0x00000000a9700000, 0x00000000a9800000|  0%| F|  |TAMS 0x00000000a9700000, 0x00000000a9700000| Untracked 
| 116|0x00000000a9800000, 0x00000000a9800000, 0x00000000a9900000|  0%| F|  |TAMS 0x00000000a9800000, 0x00000000a9800000| Untracked 
| 117|0x00000000a9900000, 0x00000000a9900000, 0x00000000a9a00000|  0%| F|  |TAMS 0x00000000a9900000, 0x00000000a9900000| Untracked 
| 118|0x00000000a9a00000, 0x00000000a9a00000, 0x00000000a9b00000|  0%| F|  |TAMS 0x00000000a9a00000, 0x00000000a9a00000| Untracked 
| 119|0x00000000a9b00000, 0x00000000a9b00000, 0x00000000a9c00000|  0%| F|  |TAMS 0x00000000a9b00000, 0x00000000a9b00000| Untracked 
| 120|0x00000000a9c00000, 0x00000000a9c00000, 0x00000000a9d00000|  0%| F|  |TAMS 0x00000000a9c00000, 0x00000000a9c00000| Untracked 
| 121|0x00000000a9d00000, 0x00000000a9d00000, 0x00000000a9e00000|  0%| F|  |TAMS 0x00000000a9d00000, 0x00000000a9d00000| Untracked 
| 122|0x00000000a9e00000, 0x00000000a9e00000, 0x00000000a9f00000|  0%| F|  |TAMS 0x00000000a9e00000, 0x00000000a9e00000| Untracked 
| 123|0x00000000a9f00000, 0x00000000a9f00000, 0x00000000aa000000|  0%| F|  |TAMS 0x00000000a9f00000, 0x00000000a9f00000| Untracked 
| 124|0x00000000aa000000, 0x00000000aa000000, 0x00000000aa100000|  0%| F|  |TAMS 0x00000000aa000000, 0x00000000aa000000| Untracked 
| 125|0x00000000aa100000, 0x00000000aa19a308, 0x00000000aa200000| 60%| E|  |TAMS 0x00000000aa100000, 0x00000000aa100000| Complete 
| 126|0x00000000aa200000, 0x00000000aa300000, 0x00000000aa300000|100%| E|CS|TAMS 0x00000000aa200000, 0x00000000aa200000| Complete 
| 127|0x00000000aa300000, 0x00000000aa400000, 0x00000000aa400000|100%| E|CS|TAMS 0x00000000aa300000, 0x00000000aa300000| Complete 
| 128|0x00000000aa400000, 0x00000000aa500000, 0x00000000aa500000|100%| E|CS|TAMS 0x00000000aa400000, 0x00000000aa400000| Complete 
| 129|0x00000000aa500000, 0x00000000aa600000, 0x00000000aa600000|100%| E|CS|TAMS 0x00000000aa500000, 0x00000000aa500000| Complete 
| 130|0x00000000aa600000, 0x00000000aa700000, 0x00000000aa700000|100%| E|CS|TAMS 0x00000000aa600000, 0x00000000aa600000| Complete 

Card table byte_map: [0x000002509c600000,0x000002509c8f0000] _byte_map_base: 0x000002509c0ee000

Marking Bits (Prev, Next): (CMBitMap*) 0x0000025084ed3760, (CMBitMap*) 0x0000025084ed37a0
 Prev Bits: [0x000002509cbe0000, 0x000002509e350000)
 Next Bits: [0x000002509e350000, 0x000002509fac0000)

Polling page: 0x0000025084630000

Metaspace:

Usage:
  Non-class:     35.82 MB used.
      Class:      5.13 MB used.
       Both:     40.95 MB used.

Virtual space:
  Non-class space:       64.00 MB reserved,      36.12 MB ( 56%) committed,  1 nodes.
      Class space:        1.00 GB reserved,       5.38 MB ( <1%) committed,  1 nodes.
             Both:        1.06 GB reserved,      41.50 MB (  4%) committed. 

Chunk freelists:
   Non-Class:  3.47 MB
       Class:  2.45 MB
        Both:  5.92 MB

MaxMetaspaceSize: unlimited
CompressedClassSpaceSize: 1.00 GB
Initial GC threshold: 21.00 MB
Current GC threshold: 58.69 MB
CDS: on
MetaspaceReclaimPolicy: balanced
 - commit_granule_bytes: 65536.
 - commit_granule_words: 8192.
 - virtual_space_node_default_size: 8388608.
 - enlarge_chunks_in_place: 1.
 - new_chunks_are_fully_committed: 0.
 - uncommit_free_chunks: 1.
 - use_allocation_guard: 0.


Internal statistics:

num_allocs_failed_limit: 6.
num_arena_births: 790.
num_arena_deaths: 0.
num_vsnodes_births: 2.
num_vsnodes_deaths: 0.
num_space_committed: 664.
num_space_uncommitted: 0.
num_chunks_returned_to_freelist: 6.
num_chunks_taken_from_freelist: 2224.
num_chunk_merges: 6.
num_chunk_splits: 1552.
num_chunks_enlarged: 1218.
num_inconsistent_stats: 0.

CodeHeap 'non-profiled nmethods': size=120000Kb used=2378Kb max_used=2529Kb free=117621Kb
 bounds [0x0000025094890000, 0x0000025094b10000, 0x000002509bdc0000]
CodeHeap 'profiled nmethods': size=120000Kb used=9030Kb max_used=10118Kb free=110969Kb
 bounds [0x000002508cdc0000, 0x000002508d7b0000, 0x00000250942f0000]
CodeHeap 'non-nmethods': size=5760Kb used=1361Kb max_used=1379Kb free=4398Kb
 bounds [0x00000250942f0000, 0x0000025094560000, 0x0000025094890000]
 total_blobs=5168 nmethods=4571 adapters=507
 compilation: enabled
              stopped_count=0, restarted_count=0
 full_count=0

Compilation events (20 events):
Event: 3.908 Thread 0x00000250a2716fe0 5290       1       org.glassfish.jersey.server.model.ResourceMethod$Data::getType (5 bytes)
Event: 3.908 Thread 0x00000250a2716fe0 nmethod 5290 0x000002509494f810 code [0x000002509494f9a0, 0x000002509494fa58]
Event: 3.908 Thread 0x00000250a2716fe0 5292       1       org.glassfish.jersey.server.model.Invocable::getHandlingMethod (5 bytes)
Event: 3.908 Thread 0x00000250a2716fe0 nmethod 5292 0x000002509494f510 code [0x000002509494f6a0, 0x000002509494f758]
Event: 3.908 Thread 0x00000250a2716fe0 5288       1       org.glassfish.jersey.server.model.Resource::getResourceMethods (5 bytes)
Event: 3.908 Thread 0x00000250a2716fe0 nmethod 5288 0x000002509494f210 code [0x000002509494f3a0, 0x000002509494f458]
Event: 3.908 Thread 0x00000250a2716fe0 5294       1       org.glassfish.jersey.server.model.ResourceMethod$Data::getHttpMethod (5 bytes)
Event: 3.908 Thread 0x00000250a2716fe0 nmethod 5294 0x000002509494ef10 code [0x000002509494f0a0, 0x000002509494f158]
Event: 3.908 Thread 0x00000250a2716fe0 5298       3       org.glassfish.jersey.server.model.ResourceMethod::getHttpMethod (8 bytes)
Event: 3.908 Thread 0x00000250a2716fe0 nmethod 5298 0x000002508d125e10 code [0x000002508d125fa0, 0x000002508d1260d8]
Event: 3.908 Thread 0x00000250a2716fe0 5295       1       org.glassfish.jersey.server.model.ResourceMethod$Data::getConsumedTypes (5 bytes)
Event: 3.908 Thread 0x00000250a2716fe0 nmethod 5295 0x000002509494ec10 code [0x000002509494eda0, 0x000002509494ee58]
Event: 3.908 Thread 0x00000250a2716fe0 5296       1       org.glassfish.jersey.server.model.ResourceMethod$Data::getProducedTypes (5 bytes)
Event: 3.908 Thread 0x00000250a2716fe0 nmethod 5296 0x000002509494e910 code [0x000002509494eaa0, 0x000002509494eb58]
Event: 3.908 Thread 0x00000250a2716fe0 5293       1       jakarta.ws.rs.core.MediaType::getType (5 bytes)
Event: 3.908 Thread 0x00000250a2716fe0 nmethod 5293 0x000002509494e610 code [0x000002509494e7a0, 0x000002509494e858]
Event: 3.908 Thread 0x00000250a2716fe0 5297       1       jakarta.ws.rs.core.MediaType::getSubtype (5 bytes)
Event: 3.908 Thread 0x00000250a2716fe0 nmethod 5297 0x000002509494e310 code [0x000002509494e4a0, 0x000002509494e558]
Event: 3.916 Thread 0x00000250a2716fe0 5300       3       java.util.regex.Pattern$SliceNode::<init> (10 bytes)
Event: 3.916 Thread 0x00000250a2716fe0 nmethod 5300 0x000002508d310f90 code [0x000002508d311140, 0x000002508d3113d8]

GC Heap History (20 events):
Event: 0.987 GC heap before
{Heap before GC invocations=1 (full 0):
 garbage-first heap   total 96256K, used 35056K [0x00000000a2400000, 0x0000000100000000)
  region size 1024K, 24 young (24576K), 3 survivors (3072K)
 Metaspace       used 9735K, committed 10048K, reserved 1114112K
  class space    used 1096K, committed 1216K, reserved 1048576K
}
Event: 0.995 GC heap after
{Heap after GC invocations=2 (full 0):
 garbage-first heap   total 96256K, used 16976K [0x00000000a2400000, 0x0000000100000000)
  region size 1024K, 3 young (3072K), 3 survivors (3072K)
 Metaspace       used 9735K, committed 10048K, reserved 1114112K
  class space    used 1096K, committed 1216K, reserved 1048576K
}
Event: 1.377 GC heap before
{Heap before GC invocations=2 (full 0):
 garbage-first heap   total 96256K, used 45648K [0x00000000a2400000, 0x0000000100000000)
  region size 1024K, 32 young (32768K), 3 survivors (3072K)
 Metaspace       used 17174K, committed 17472K, reserved 1114112K
  class space    used 2003K, committed 2112K, reserved 1048576K
}
Event: 1.382 GC heap after
{Heap after GC invocations=3 (full 0):
 garbage-first heap   total 96256K, used 19533K [0x00000000a2400000, 0x0000000100000000)
  region size 1024K, 3 young (3072K), 3 survivors (3072K)
 Metaspace       used 17174K, committed 17472K, reserved 1114112K
  class space    used 2003K, committed 2112K, reserved 1048576K
}
Event: 1.656 GC heap before
{Heap before GC invocations=3 (full 0):
 garbage-first heap   total 96256K, used 41037K [0x00000000a2400000, 0x0000000100000000)
  region size 1024K, 25 young (25600K), 3 survivors (3072K)
 Metaspace       used 21251K, committed 21504K, reserved 1114112K
  class space    used 2460K, committed 2560K, reserved 1048576K
}
Event: 1.661 GC heap after
{Heap after GC invocations=4 (full 0):
 garbage-first heap   total 96256K, used 22035K [0x00000000a2400000, 0x0000000100000000)
  region size 1024K, 5 young (5120K), 5 survivors (5120K)
 Metaspace       used 21251K, committed 21504K, reserved 1114112K
  class space    used 2460K, committed 2560K, reserved 1048576K
}
Event: 2.200 GC heap before
{Heap before GC invocations=5 (full 0):
 garbage-first heap   total 68608K, used 54803K [0x00000000a2400000, 0x0000000100000000)
  region size 1024K, 40 young (40960K), 5 survivors (5120K)
 Metaspace       used 24408K, committed 24768K, reserved 1114112K
  class space    used 2860K, committed 3008K, reserved 1048576K
}
Event: 2.212 GC heap after
{Heap after GC invocations=6 (full 0):
 garbage-first heap   total 82944K, used 20897K [0x00000000a2400000, 0x0000000100000000)
  region size 1024K, 3 young (3072K), 3 survivors (3072K)
 Metaspace       used 24408K, committed 24768K, reserved 1114112K
  class space    used 2860K, committed 3008K, reserved 1048576K
}
Event: 2.231 GC heap before
{Heap before GC invocations=6 (full 0):
 garbage-first heap   total 82944K, used 21921K [0x00000000a2400000, 0x0000000100000000)
  region size 1024K, 4 young (4096K), 3 survivors (3072K)
 Metaspace       used 24540K, committed 24896K, reserved 1114112K
  class space    used 2876K, committed 3008K, reserved 1048576K
}
Event: 2.234 GC heap after
{Heap after GC invocations=7 (full 0):
 garbage-first heap   total 82944K, used 20587K [0x00000000a2400000, 0x0000000100000000)
  region size 1024K, 1 young (1024K), 1 survivors (1024K)
 Metaspace       used 24540K, committed 24896K, reserved 1114112K
  class space    used 2876K, committed 3008K, reserved 1048576K
}
Event: 2.871 GC heap before
{Heap before GC invocations=7 (full 0):
 garbage-first heap   total 82944K, used 55403K [0x00000000a2400000, 0x0000000100000000)
  region size 1024K, 35 young (35840K), 1 survivors (1024K)
 Metaspace       used 31009K, committed 31488K, reserved 1114112K
  class space    used 3726K, committed 3968K, reserved 1048576K
}
Event: 2.877 GC heap after
{Heap after GC invocations=8 (full 0):
 garbage-first heap   total 82944K, used 23097K [0x00000000a2400000, 0x0000000100000000)
  region size 1024K, 4 young (4096K), 4 survivors (4096K)
 Metaspace       used 31009K, committed 31488K, reserved 1114112K
  class space    used 3726K, committed 3968K, reserved 1048576K
}
Event: 3.309 GC heap before
{Heap before GC invocations=8 (full 0):
 garbage-first heap   total 82944K, used 57913K [0x00000000a2400000, 0x0000000100000000)
  region size 1024K, 38 young (38912K), 4 survivors (4096K)
 Metaspace       used 34735K, committed 35328K, reserved 1114112K
  class space    used 4230K, committed 4480K, reserved 1048576K
}
Event: 3.315 GC heap after
{Heap after GC invocations=9 (full 0):
 garbage-first heap   total 82944K, used 25009K [0x00000000a2400000, 0x0000000100000000)
  region size 1024K, 2 young (2048K), 2 survivors (2048K)
 Metaspace       used 34735K, committed 35328K, reserved 1114112K
  class space    used 4230K, committed 4480K, reserved 1048576K
}
Event: 3.370 GC heap before
{Heap before GC invocations=9 (full 0):
 garbage-first heap   total 82944K, used 28081K [0x00000000a2400000, 0x0000000100000000)
  region size 1024K, 6 young (6144K), 2 survivors (2048K)
 Metaspace       used 35395K, committed 35968K, reserved 1114112K
  class space    used 4327K, committed 4608K, reserved 1048576K
}
Event: 3.373 GC heap after
{Heap after GC invocations=10 (full 0):
 garbage-first heap   total 82944K, used 25222K [0x00000000a2400000, 0x0000000100000000)
  region size 1024K, 3 young (3072K), 3 survivors (3072K)
 Metaspace       used 35395K, committed 35968K, reserved 1114112K
  class space    used 4327K, committed 4608K, reserved 1048576K
}
Event: 3.794 GC heap before
{Heap before GC invocations=11 (full 0):
 garbage-first heap   total 82944K, used 60038K [0x00000000a2400000, 0x0000000100000000)
  region size 1024K, 38 young (38912K), 3 survivors (3072K)
 Metaspace       used 40176K, committed 40704K, reserved 1114112K
  class space    used 5010K, committed 5248K, reserved 1048576K
}
Event: 3.802 GC heap after
{Heap after GC invocations=12 (full 0):
 garbage-first heap   total 82944K, used 30344K [0x00000000a2400000, 0x0000000100000000)
  region size 1024K, 5 young (5120K), 5 survivors (5120K)
 Metaspace       used 40176K, committed 40704K, reserved 1114112K
  class space    used 5010K, committed 5248K, reserved 1048576K
}
Event: 3.833 GC heap before
{Heap before GC invocations=12 (full 0):
 garbage-first heap   total 82944K, used 31368K [0x00000000a2400000, 0x0000000100000000)
  region size 1024K, 6 young (6144K), 5 survivors (5120K)
 Metaspace       used 40799K, committed 41408K, reserved 1114112K
  class space    used 5076K, committed 5376K, reserved 1048576K
}
Event: 3.838 GC heap after
{Heap after GC invocations=13 (full 0):
 garbage-first heap   total 134144K, used 31054K [0x00000000a2400000, 0x0000000100000000)
  region size 1024K, 1 young (1024K), 1 survivors (1024K)
 Metaspace       used 40799K, committed 41408K, reserved 1114112K
  class space    used 5076K, committed 5376K, reserved 1048576K
}

Dll operation events (14 events):
Event: 0.009 Loaded shared library C:\Users\avira\.jdks\openjdk-19.0.2\bin\java.dll
Event: 0.017 Loaded shared library C:\Users\avira\.jdks\openjdk-19.0.2\bin\jsvml.dll
Event: 0.141 Loaded shared library C:\Users\avira\.jdks\openjdk-19.0.2\bin\zip.dll
Event: 0.144 Loaded shared library C:\Users\avira\.jdks\openjdk-19.0.2\bin\instrument.dll
Event: 0.149 Loaded shared library C:\Users\avira\.jdks\openjdk-19.0.2\bin\net.dll
Event: 0.151 Loaded shared library C:\Users\avira\.jdks\openjdk-19.0.2\bin\nio.dll
Event: 0.155 Loaded shared library C:\Users\avira\.jdks\openjdk-19.0.2\bin\zip.dll
Event: 0.290 Loaded shared library E:\intel\IntelliJ IDEA Community Edition 2023.1\bin\breakgen64.dll
Event: 0.301 Loaded shared library C:\Users\avira\.jdks\openjdk-19.0.2\bin\extnet.dll
Event: 0.318 Loaded shared library C:\Users\avira\.jdks\openjdk-19.0.2\bin\jimage.dll
Event: 1.494 Loaded shared library C:\Users\avira\.jdks\openjdk-19.0.2\bin\sunmscapi.dll
Event: 2.747 Loaded shared library C:\Users\avira\.jdks\openjdk-19.0.2\bin\management.dll
Event: 2.748 Loaded shared library C:\Users\avira\.jdks\openjdk-19.0.2\bin\management_ext.dll
Event: 2.918 Loaded shared library C:\Users\avira\.jdks\openjdk-19.0.2\bin\verify.dll

Deoptimization events (20 events):
Event: 3.903 Thread 0x0000025084e82a10 Uncommon trap: trap_request=0xffffff45 fr.pc=0x0000025094af6c90 relative=0x0000000000000210
Event: 3.903 Thread 0x0000025084e82a10 Uncommon trap: reason=unstable_if action=reinterpret pc=0x0000025094af6c90 method=sun.reflect.annotation.AnnotationInvocationHandler.invoke(Ljava/lang/Object;Ljava/lang/reflect/Method;[Ljava/lang/Object;)Ljava/lang/Object; @ 64 c2
Event: 3.903 Thread 0x0000025084e82a10 DEOPT PACKING pc=0x0000025094af6c90 sp=0x00000074ad1fd4d0
Event: 3.903 Thread 0x0000025084e82a10 DEOPT UNPACKING pc=0x0000025094356da3 sp=0x00000074ad1fd460 mode 2
Event: 3.903 Thread 0x0000025084e82a10 Uncommon trap: trap_request=0xffffffde fr.pc=0x0000025094a16f88 relative=0x0000000000000688
Event: 3.903 Thread 0x0000025084e82a10 Uncommon trap: reason=class_check action=maybe_recompile pc=0x0000025094a16f88 method=java.lang.reflect.Executable.getAnnotation(Ljava/lang/Class;)Ljava/lang/annotation/Annotation; @ 19 c2
Event: 3.903 Thread 0x0000025084e82a10 DEOPT PACKING pc=0x0000025094a16f88 sp=0x00000074ad1fd520
Event: 3.903 Thread 0x0000025084e82a10 DEOPT UNPACKING pc=0x0000025094356da3 sp=0x00000074ad1fd498 mode 2
Event: 3.904 Thread 0x0000025084e82a10 Uncommon trap: trap_request=0xffffffde fr.pc=0x0000025094a16f88 relative=0x0000000000000688
Event: 3.904 Thread 0x0000025084e82a10 Uncommon trap: reason=class_check action=maybe_recompile pc=0x0000025094a16f88 method=java.lang.reflect.Executable.getAnnotation(Ljava/lang/Class;)Ljava/lang/annotation/Annotation; @ 19 c2
Event: 3.905 Thread 0x0000025084e82a10 DEOPT PACKING pc=0x0000025094a16f88 sp=0x00000074ad1fd520
Event: 3.905 Thread 0x0000025084e82a10 DEOPT UNPACKING pc=0x0000025094356da3 sp=0x00000074ad1fd498 mode 2
Event: 3.905 Thread 0x0000025084e82a10 Uncommon trap: trap_request=0xffffffde fr.pc=0x0000025094a16f88 relative=0x0000000000000688
Event: 3.905 Thread 0x0000025084e82a10 Uncommon trap: reason=class_check action=maybe_recompile pc=0x0000025094a16f88 method=java.lang.reflect.Executable.getAnnotation(Ljava/lang/Class;)Ljava/lang/annotation/Annotation; @ 19 c2
Event: 3.905 Thread 0x0000025084e82a10 DEOPT PACKING pc=0x0000025094a16f88 sp=0x00000074ad1fd520
Event: 3.905 Thread 0x0000025084e82a10 DEOPT UNPACKING pc=0x0000025094356da3 sp=0x00000074ad1fd498 mode 2
Event: 3.905 Thread 0x0000025084e82a10 Uncommon trap: trap_request=0xffffffde fr.pc=0x0000025094a16f88 relative=0x0000000000000688
Event: 3.905 Thread 0x0000025084e82a10 Uncommon trap: reason=class_check action=maybe_recompile pc=0x0000025094a16f88 method=java.lang.reflect.Executable.getAnnotation(Ljava/lang/Class;)Ljava/lang/annotation/Annotation; @ 19 c2
Event: 3.905 Thread 0x0000025084e82a10 DEOPT PACKING pc=0x0000025094a16f88 sp=0x00000074ad1fd520
Event: 3.905 Thread 0x0000025084e82a10 DEOPT UNPACKING pc=0x0000025094356da3 sp=0x00000074ad1fd498 mode 2

Classes loaded (20 events):
Event: 3.852 Loading class com/sun/org/apache/xerces/internal/jaxp/datatype/DatatypeFactoryImpl
Event: 3.852 Loading class com/sun/org/apache/xerces/internal/jaxp/datatype/DatatypeFactoryImpl done
Event: 3.856 Loading class java/time/chrono/HijrahChronology
Event: 3.857 Loading class java/time/chrono/HijrahChronology done
Event: 3.857 Loading class java/time/chrono/MinguoChronology
Event: 3.858 Loading class java/time/chrono/MinguoChronology done
Event: 3.858 Loading class java/time/chrono/ThaiBuddhistChronology
Event: 3.858 Loading class java/time/chrono/ThaiBuddhistChronology done
Event: 3.863 Loading class java/time/zone/ZoneRulesException
Event: 3.863 Loading class java/time/zone/ZoneRulesException done
Event: 3.884 Loading class javax/xml/transform/TransformerFactory
Event: 3.884 Loading class javax/xml/transform/TransformerFactory done
Event: 3.904 Loading class java/util/stream/ReduceOps$5
Event: 3.904 Loading class java/util/stream/ReduceOps$5 done
Event: 3.904 Loading class java/util/stream/ReduceOps$CountingSink$OfRef
Event: 3.904 Loading class java/util/stream/ReduceOps$CountingSink
Event: 3.904 Loading class java/util/stream/ReduceOps$CountingSink done
Event: 3.904 Loading class java/util/stream/ReduceOps$CountingSink$OfRef done
Event: 3.907 Loading class java/util/ArrayList$SubList$1
Event: 3.908 Loading class java/util/ArrayList$SubList$1 done

Classes unloaded (0 events):
No events

Classes redefined (0 events):
No events

Internal exceptions (20 events):
Event: 2.847 Thread 0x0000025084e82a10 Exception <a 'java/lang/NoSuchMethodError'{0x00000000a53e6138}: 'java.lang.Object java.lang.invoke.DirectMethodHandle$Holder.invokeStaticInit(java.lang.Object, java.lang.Object, java.lang.Object, java.lang.Object)'> (0x00000000a53e6138) 
thrown [s\open\src\hotspot\share\interpreter\linkResolver.cpp, line 774]
Event: 2.848 Thread 0x0000025084e82a10 Exception <a 'java/lang/IncompatibleClassChangeError'{0x00000000a53f6fc8}: Found class java.lang.Object, but interface was expected> (0x00000000a53f6fc8) 
thrown [s\open\src\hotspot\share\interpreter\linkResolver.cpp, line 841]
Event: 2.848 Thread 0x0000025084e82a10 Exception <a 'java/lang/IncompatibleClassChangeError'{0x00000000a52049f8}: Found class java.lang.Object, but interface was expected> (0x00000000a52049f8) 
thrown [s\open\src\hotspot\share\interpreter\linkResolver.cpp, line 841]
Event: 2.852 Thread 0x0000025084e82a10 Exception <a 'java/lang/IncompatibleClassChangeError'{0x00000000a5232ac8}: Found class java.lang.Object, but interface was expected> (0x00000000a5232ac8) 
thrown [s\open\src\hotspot\share\interpreter\linkResolver.cpp, line 841]
Event: 2.932 Thread 0x0000025084e82a10 Exception <a 'java/lang/NoSuchMethodError'{0x00000000a7268690}: 'void java.lang.invoke.Invokers$Holder.invokeExact_MT(java.lang.Object, java.lang.Object, java.lang.Object, java.lang.Object)'> (0x00000000a7268690) 
thrown [s\open\src\hotspot\share\interpreter\linkResolver.cpp, line 774]
Event: 2.956 Thread 0x0000025084e82a10 Exception <a 'java/lang/NoSuchMethodError'{0x00000000a71232a8}: 'int java.lang.invoke.DirectMethodHandle$Holder.invokeStaticInit(java.lang.Object, int, java.lang.Object, java.lang.Object, java.lang.Object, java.lang.Object)'> (0x00000000a71232a8) 
thrown [s\open\src\hotspot\share\interpreter\linkResolver.cpp, line 774]
Event: 2.976 Thread 0x0000025084e82a10 Exception <a 'java/lang/NoSuchMethodError'{0x00000000a71dd4c8}: 'java.lang.Object java.lang.invoke.DirectMethodHandle$Holder.invokeStatic(java.lang.Object, java.lang.Object, int, java.lang.Object)'> (0x00000000a71dd4c8) 
thrown [s\open\src\hotspot\share\interpreter\linkResolver.cpp, line 774]
Event: 2.976 Thread 0x0000025084e82a10 Exception <a 'java/lang/NoSuchMethodError'{0x00000000a71e4560}: 'java.lang.Object java.lang.invoke.DirectMethodHandle$Holder.newInvokeSpecial(java.lang.Object, java.lang.Object, int)'> (0x00000000a71e4560) 
thrown [s\open\src\hotspot\share\interpreter\linkResolver.cpp, line 774]
Event: 3.015 Thread 0x0000025084e82a10 Exception <a 'java/lang/NoSuchMethodError'{0x00000000a6ef08c0}: 'void java.lang.invoke.DirectMethodHandle$Holder.invokeInterface(java.lang.Object, java.lang.Object, int, java.lang.Object)'> (0x00000000a6ef08c0) 
thrown [s\open\src\hotspot\share\interpreter\linkResolver.cpp, line 774]
Event: 3.015 Thread 0x0000025084e82a10 Exception <a 'java/lang/NoSuchMethodError'{0x00000000a6ef47f0}: 'void java.lang.invoke.DelegatingMethodHandle$Holder.reinvoke_L(java.lang.Object, java.lang.Object, int, java.lang.Object)'> (0x00000000a6ef47f0) 
thrown [s\open\src\hotspot\share\interpreter\linkResolver.cpp, line 774]
Event: 3.019 Thread 0x0000025084e82a10 Exception <a 'java/lang/NoSuchMethodError'{0x00000000a6d119a8}: 'void java.lang.invoke.Invokers$Holder.invokeExact_MT(java.lang.Object, java.lang.Object, int, java.lang.Object)'> (0x00000000a6d119a8) 
thrown [s\open\src\hotspot\share\interpreter\linkResolver.cpp, line 774]
Event: 3.103 Thread 0x0000025084e82a10 Exception <a 'java/lang/NoSuchMethodError'{0x00000000a5f4ace8}: 'java.lang.Object java.lang.invoke.DirectMethodHandle$Holder.newInvokeSpecial(java.lang.Object, java.lang.Object, java.lang.Object, int, java.lang.Object, java.lang.Object)'> (0x00000000a5f4ace8) 
thrown [s\open\src\hotspot\share\interpreter\linkResolver.cpp, line 774]
Event: 3.222 Thread 0x0000025084e82a10 Exception <a 'java/lang/NoSuchMethodError'{0x00000000a58a18f8}: 'long java.lang.invoke.DirectMethodHandle$Holder.invokeVirtual(java.lang.Object, java.lang.Object)'> (0x00000000a58a18f8) 
thrown [s\open\src\hotspot\share\interpreter\linkResolver.cpp, line 774]
Event: 3.267 Thread 0x0000025084e82a10 Exception <a 'java/lang/NoSuchMethodError'{0x00000000a5575460}: 'java.lang.Object java.lang.invoke.DirectMethodHandle$Holder.invokeSpecial(java.lang.Object, java.lang.Object, java.lang.Object, long, int)'> (0x00000000a5575460) 
thrown [s\open\src\hotspot\share\interpreter\linkResolver.cpp, line 774]
Event: 3.426 Thread 0x0000025084e82a10 Exception <a 'java/lang/NoSuchMethodError'{0x00000000a72234e8}: 'java.lang.reflect.Constructor[] java.lang.Class.getDeclaredConstructors(java.lang.Class)'> (0x00000000a72234e8) 
thrown [s\open\src\hotspot\share\interpreter\linkResolver.cpp, line 774]
Event: 3.616 Thread 0x0000025084e82a10 Exception <a 'java/lang/NoSuchMethodError'{0x00000000a6535968}: 'java.lang.reflect.Method[] java.lang.Class.getDeclaredMethods(java.lang.Class)'> (0x00000000a6535968) 
thrown [s\open\src\hotspot\share\interpreter\linkResolver.cpp, line 774]
Event: 3.685 Thread 0x0000025084e82a10 Exception <a 'java/lang/NoSuchMethodError'{0x00000000a6025a40}: 'int java.lang.invoke.DirectMethodHandle$Holder.invokeStatic(java.lang.Object, java.lang.Object, java.lang.Object, java.lang.Object, java.lang.Object)'> (0x00000000a6025a40) 
thrown [s\open\src\hotspot\share\interpreter\linkResolver.cpp, line 774]
Event: 3.710 Thread 0x0000025084e82a10 Exception <a 'java/lang/NoSuchMethodError'{0x00000000a5e4bf50}: 'void java.lang.invoke.DirectMethodHandle$Holder.invokeInterface(java.lang.Object, java.lang.Object)'> (0x00000000a5e4bf50) 
thrown [s\open\src\hotspot\share\interpreter\linkResolver.cpp, line 774]
Event: 3.857 Thread 0x0000025084e82a10 Exception <a 'sun/nio/fs/WindowsException'{0x00000000aa6dd908}> (0x00000000aa6dd908) 
thrown [s\open\src\hotspot\share\prims\jni.cpp, line 517]
Event: 3.914 Thread 0x0000025084e82a10 Exception <a 'java/lang/NoSuchMethodError'{0x00000000aa3f1e58}: 'java.lang.Object java.lang.invoke.DirectMethodHandle$Holder.newInvokeSpecial(java.lang.Object, java.lang.Object, java.lang.Object, java.lang.Object, java.lang.Object, java.lang.Object, java.lang.Object, java.lang.Object)'> (0x00000000aa3f1e58) 
thrown [s\open\src\hotspot\share\interpreter\linkResolver.cpp, line 774]

VM Operations (20 events):
Event: 3.370 Executing VM operation: CollectForMetadataAllocation
Event: 3.373 Executing VM operation: CollectForMetadataAllocation done
Event: 3.382 Executing VM operation: G1PauseRemark
Event: 3.385 Executing VM operation: G1PauseRemark done
Event: 3.390 Executing VM operation: G1PauseCleanup
Event: 3.390 Executing VM operation: G1PauseCleanup done
Event: 3.476 Executing VM operation: HandshakeAllThreads
Event: 3.476 Executing VM operation: HandshakeAllThreads done
Event: 3.515 Executing VM operation: HandshakeAllThreads
Event: 3.515 Executing VM operation: HandshakeAllThreads done
Event: 3.754 Executing VM operation: ICBufferFull
Event: 3.754 Executing VM operation: ICBufferFull done
Event: 3.793 Executing VM operation: HandshakeAllThreads
Event: 3.793 Executing VM operation: HandshakeAllThreads done
Event: 3.794 Executing VM operation: G1CollectForAllocation
Event: 3.802 Executing VM operation: G1CollectForAllocation done
Event: 3.832 Executing VM operation: G1CollectForAllocation
Event: 3.838 Executing VM operation: G1CollectForAllocation done
Event: 3.869 Executing VM operation: HandshakeAllThreads
Event: 3.869 Executing VM operation: HandshakeAllThreads done

Events (20 events):
Event: 3.293 Thread 0x00000250a2718160 flushing nmethod 0x000002508d53fe90
Event: 3.294 Thread 0x00000250a2718160 flushing nmethod 0x000002508d54c210
Event: 3.294 Thread 0x00000250a2718160 flushing nmethod 0x000002508d565390
Event: 3.294 Thread 0x00000250a2718160 flushing nmethod 0x000002508d57c910
Event: 3.294 Thread 0x00000250a2718160 flushing nmethod 0x000002508d582d90
Event: 3.294 Thread 0x00000250a2718160 flushing nmethod 0x000002508d58c590
Event: 3.294 Thread 0x00000250a2718160 flushing nmethod 0x000002508d599210
Event: 3.294 Thread 0x00000250a2718160 flushing nmethod 0x000002508d599e90
Event: 3.294 Thread 0x00000250a2718160 flushing nmethod 0x000002508d59ec90
Event: 3.294 Thread 0x00000250a2718160 flushing nmethod 0x000002508d59f010
Event: 3.294 Thread 0x00000250a2718160 flushing nmethod 0x000002508d59f390
Event: 3.294 Thread 0x00000250a2718160 flushing nmethod 0x000002508d59f710
Event: 3.294 Thread 0x00000250a2718160 flushing nmethod 0x000002508d5a0a10
Event: 3.294 Thread 0x00000250a2718160 flushing nmethod 0x000002508d5bc190
Event: 3.294 Thread 0x00000250a2718160 flushing nmethod 0x000002508d5c3e10
Event: 3.294 Thread 0x00000250a2718160 flushing nmethod 0x000002508d5d8390
Event: 3.294 Thread 0x00000250a2718160 flushing nmethod 0x000002508d682b90
Event: 3.294 Thread 0x00000250a2718160 flushing nmethod 0x000002508d6c9b90
Event: 3.294 Thread 0x00000250a2718160 flushing nmethod 0x000002508d6f5390
Event: 3.294 Thread 0x00000250a2718160 flushing nmethod 0x000002508d716310


Dynamic libraries:
0x00007ff78e140000 - 0x00007ff78e14e000 	C:\Users\avira\.jdks\openjdk-19.0.2\bin\java.exe
0x00007ff8691b0000 - 0x00007ff8693c7000 	C:\WINDOWS\SYSTEM32\ntdll.dll
0x00007ff866ea0000 - 0x00007ff866f64000 	C:\WINDOWS\System32\KERNEL32.DLL
0x00007ff866aa0000 - 0x00007ff866e70000 	C:\WINDOWS\System32\KERNELBASE.dll
0x00007ff866600000 - 0x00007ff866711000 	C:\WINDOWS\System32\ucrtbase.dll
0x00007ff837d00000 - 0x00007ff837d17000 	C:\Users\avira\.jdks\openjdk-19.0.2\bin\jli.dll
0x00007ff837f00000 - 0x00007ff837f1b000 	C:\Users\avira\.jdks\openjdk-19.0.2\bin\VCRUNTIME140.dll
0x00007ff868320000 - 0x00007ff8684ce000 	C:\WINDOWS\System32\USER32.dll
0x00007ff866930000 - 0x00007ff866956000 	C:\WINDOWS\System32\win32u.dll
0x00007ff865740000 - 0x00007ff8659d2000 	C:\WINDOWS\WinSxS\amd64_microsoft.windows.common-controls_6595b64144ccf1df_6.0.22621.4830_none_270fe7d773858e80\COMCTL32.dll
0x00007ff868740000 - 0x00007ff868769000 	C:\WINDOWS\System32\GDI32.dll
0x00007ff8681e0000 - 0x00007ff868287000 	C:\WINDOWS\System32\msvcrt.dll
0x00007ff8664e0000 - 0x00007ff8665fb000 	C:\WINDOWS\System32\gdi32full.dll
0x00007ff866890000 - 0x00007ff86692a000 	C:\WINDOWS\System32\msvcp_win.dll
0x00007ff867320000 - 0x00007ff867351000 	C:\WINDOWS\System32\IMM32.DLL
0x00007ff848330000 - 0x00007ff84833c000 	C:\Users\avira\.jdks\openjdk-19.0.2\bin\vcruntime140_1.dll
0x00007fffee020000 - 0x00007fffee0ae000 	C:\Users\avira\.jdks\openjdk-19.0.2\bin\msvcp140.dll
0x00007fffed360000 - 0x00007fffee020000 	C:\Users\avira\.jdks\openjdk-19.0.2\bin\server\jvm.dll
0x00007ff867090000 - 0x00007ff867141000 	C:\WINDOWS\System32\ADVAPI32.dll
0x00007ff868770000 - 0x00007ff868817000 	C:\WINDOWS\System32\sechost.dll
0x00007ff866e70000 - 0x00007ff866e98000 	C:\WINDOWS\System32\bcrypt.dll
0x00007ff866f70000 - 0x00007ff867084000 	C:\WINDOWS\System32\RPCRT4.dll
0x00007ff861ac0000 - 0x00007ff861af4000 	C:\WINDOWS\SYSTEM32\WINMM.dll
0x00007ff856720000 - 0x00007ff856729000 	C:\WINDOWS\SYSTEM32\WSOCK32.dll
0x00007ff8682a0000 - 0x00007ff868311000 	C:\WINDOWS\System32\WS2_32.dll
0x00007ff861b00000 - 0x00007ff861b0a000 	C:\WINDOWS\SYSTEM32\VERSION.dll
0x00007ff864d10000 - 0x00007ff864d28000 	C:\WINDOWS\SYSTEM32\kernel.appcore.dll
0x00007ff8451d0000 - 0x00007ff8451da000 	C:\Users\avira\.jdks\openjdk-19.0.2\bin\jimage.dll
0x00007ff865ce0000 - 0x00007ff865f12000 	C:\WINDOWS\SYSTEM32\DBGHELP.DLL
0x00007ff868d70000 - 0x00007ff869100000 	C:\WINDOWS\System32\combase.dll
0x00007ff8673d0000 - 0x00007ff8674a7000 	C:\WINDOWS\System32\OLEAUT32.dll
0x00007ff865bc0000 - 0x00007ff865bf2000 	C:\WINDOWS\SYSTEM32\dbgcore.DLL
0x00007ff866a20000 - 0x00007ff866a9b000 	C:\WINDOWS\System32\bcryptPrimitives.dll
0x00007ff853a00000 - 0x00007ff853a0e000 	C:\Users\avira\.jdks\openjdk-19.0.2\bin\instrument.dll
0x00007ff82d720000 - 0x00007ff82d746000 	C:\Users\avira\.jdks\openjdk-19.0.2\bin\java.dll
0x00007fffed280000 - 0x00007fffed357000 	C:\Users\avira\.jdks\openjdk-19.0.2\bin\jsvml.dll
0x00007ff8674b0000 - 0x00007ff867d28000 	C:\WINDOWS\System32\SHELL32.dll
0x00007ff863c70000 - 0x00007ff864580000 	C:\WINDOWS\SYSTEM32\windows.storage.dll
0x00007ff863b30000 - 0x00007ff863c6f000 	C:\WINDOWS\SYSTEM32\wintypes.dll
0x00007ff868a10000 - 0x00007ff868b1a000 	C:\WINDOWS\System32\SHCORE.dll
0x00007ff868820000 - 0x00007ff86887e000 	C:\WINDOWS\System32\shlwapi.dll
0x00007ff866390000 - 0x00007ff8663bb000 	C:\WINDOWS\SYSTEM32\profapi.dll
0x00007ff82a9a0000 - 0x00007ff82a9b8000 	C:\Users\avira\.jdks\openjdk-19.0.2\bin\zip.dll
0x00007ff82dba0000 - 0x00007ff82dbb3000 	C:\Users\avira\.jdks\openjdk-19.0.2\bin\net.dll
0x00007ff861990000 - 0x00007ff861abc000 	C:\WINDOWS\SYSTEM32\WINHTTP.dll
0x00007ff8651a0000 - 0x00007ff86520a000 	C:\WINDOWS\system32\mswsock.dll
0x00007ff82b4e0000 - 0x00007ff82b4f6000 	C:\Users\avira\.jdks\openjdk-19.0.2\bin\nio.dll
0x00007ff8539e0000 - 0x00007ff8539fa000 	E:\intel\IntelliJ IDEA Community Edition 2023.1\bin\breakgen64.dll
0x00007ff8539d0000 - 0x00007ff8539d8000 	C:\Users\avira\.jdks\openjdk-19.0.2\bin\extnet.dll
0x00007ff864820000 - 0x00007ff86484d000 	C:\WINDOWS\SYSTEM32\IPHLPAPI.DLL
0x00007ff868290000 - 0x00007ff868299000 	C:\WINDOWS\System32\NSI.dll
0x00007ff861b10000 - 0x00007ff861b29000 	C:\WINDOWS\SYSTEM32\dhcpcsvc6.DLL
0x00007ff861890000 - 0x00007ff8618af000 	C:\WINDOWS\SYSTEM32\dhcpcsvc.DLL
0x00007ff864850000 - 0x00007ff864952000 	C:\WINDOWS\SYSTEM32\DNSAPI.dll
0x00007ff85dd70000 - 0x00007ff85dd7a000 	C:\Windows\System32\rasadhlp.dll
0x00007ff85f6a0000 - 0x00007ff85f723000 	C:\WINDOWS\System32\fwpuclnt.dll
0x00007ff83a180000 - 0x00007ff83a18e000 	C:\Users\avira\.jdks\openjdk-19.0.2\bin\sunmscapi.dll
0x00007ff866720000 - 0x00007ff866886000 	C:\WINDOWS\System32\CRYPT32.dll
0x00007ff865620000 - 0x00007ff86564d000 	C:\WINDOWS\SYSTEM32\ncrypt.dll
0x00007ff8655e0000 - 0x00007ff865617000 	C:\WINDOWS\SYSTEM32\NTASN1.dll
0x00007ff866010000 - 0x00007ff86602b000 	C:\WINDOWS\SYSTEM32\CRYPTSP.dll
0x00007ff864cd0000 - 0x00007ff864d05000 	C:\WINDOWS\system32\rsaenh.dll
0x00007ff865250000 - 0x00007ff865278000 	C:\WINDOWS\SYSTEM32\USERENV.dll
0x00007ff8653d0000 - 0x00007ff8653dc000 	C:\WINDOWS\SYSTEM32\CRYPTBASE.dll
0x00007ff853c90000 - 0x00007ff853c9a000 	C:\Users\avira\.jdks\openjdk-19.0.2\bin\management.dll
0x00007ff853c80000 - 0x00007ff853c8b000 	C:\Users\avira\.jdks\openjdk-19.0.2\bin\management_ext.dll
0x00007ff8681d0000 - 0x00007ff8681d8000 	C:\WINDOWS\System32\PSAPI.DLL
0x00007ff845470000 - 0x00007ff845480000 	C:\Users\avira\.jdks\openjdk-19.0.2\bin\verify.dll

dbghelp: loaded successfully - version: 4.0.5 - missing functions: none
symbol engine: initialized successfully - sym options: 0x614 - pdb path: .;C:\Users\avira\.jdks\openjdk-19.0.2\bin;C:\WINDOWS\SYSTEM32;C:\WINDOWS\WinSxS\amd64_microsoft.windows.common-controls_6595b64144ccf1df_6.0.22621.4830_none_270fe7d773858e80;C:\Users\avira\.jdks\openjdk-19.0.2\bin\server;E:\intel\IntelliJ IDEA Community Edition 2023.1\bin

VM Arguments:
jvm_args: -javaagent:E:\intel\IntelliJ IDEA Community Edition 2023.1\lib\idea_rt.jar=60925:E:\intel\IntelliJ IDEA Community Edition 2023.1\bin -Dfile.encoding=UTF-8 -Dsun.stdout.encoding=UTF-8 -Dsun.stderr.encoding=UTF-8 
java_command: com.patelaviral.service_reg.ServiceRegApplication
java_class_path (initial): F:\spring_boot\service-reg\target\classes;C:\Users\avira\.m2\repository\org\springframework\boot\spring-boot-starter-web\3.4.3\spring-boot-starter-web-3.4.3.jar;C:\Users\avira\.m2\repository\org\springframework\boot\spring-boot-starter\3.4.3\spring-boot-starter-3.4.3.jar;C:\Users\avira\.m2\repository\org\springframework\boot\spring-boot\3.4.3\spring-boot-3.4.3.jar;C:\Users\avira\.m2\repository\org\springframework\boot\spring-boot-autoconfigure\3.4.3\spring-boot-autoconfigure-3.4.3.jar;C:\Users\avira\.m2\repository\org\springframework\boot\spring-boot-starter-logging\3.4.3\spring-boot-starter-logging-3.4.3.jar;C:\Users\avira\.m2\repository\ch\qos\logback\logback-classic\1.5.16\logback-classic-1.5.16.jar;C:\Users\avira\.m2\repository\ch\qos\logback\logback-core\1.5.16\logback-core-1.5.16.jar;C:\Users\avira\.m2\repository\org\apache\logging\log4j\log4j-to-slf4j\2.24.3\log4j-to-slf4j-2.24.3.jar;C:\Users\avira\.m2\repository\org\apache\logging\log4j\log4j-api\2.24.3\log4j-api-2.24.3.jar;C:\Users\avira\.m2\repository\org\slf4j\jul-to-slf4j\2.0.16\jul-to-slf4j-2.0.16.jar;C:\Users\avira\.m2\repository\jakarta\annotation\jakarta.annotation-api\2.1.1\jakarta.annotation-api-2.1.1.jar;C:\Users\avira\.m2\repository\org\yaml\snakeyaml\2.3\snakeyaml-2.3.jar;C:\Users\avira\.m2\repository\org\springframework\boot\spring-boot-starter-json\3.4.3\spring-boot-starter-json-3.4.3.jar;C:\Users\avira\.m2\repository\com\fasterxml\jackson\core\jackson-databind\2.18.2\jackson-databind-2.18.2.jar;C:\Users\avira\.m2\repository\com\fasterxml\jackson\core\jackson-annotations\2.18.2\jackson-annotations-2.18.2.jar;C:\Users\avira\.m2\repository\com\fasterxml\jackson\core\jackson-core\2.18.2\jackson-core-2.18.2.jar;C:\Users\avira\.m2\repository\com\fasterxml\jackson\datatype\jackson-datatype-jdk8\2.18.2\jackson-datatype-jdk8-2.18.2.jar;C:\Users\avira\.m2\repository\com\fasterxml\jackson\datatype\jackson-datatype-jsr310\2.18.2\jackson-datatype-jsr310-2.18.2.jar;C:\Users\avira\.m2\repository\com\fasterxml\jackson\module\jackson-module-parameter-names\2.18.2\jackson-module-parameter-names-2.18.2.jar;C:\Users\avira\.m2\repository\org\springframework\boot\spring-boot-starter-tomcat\3.4.3\spring-boot-starter-tomcat-3.4.3.jar;C:\Users\avira\.m2\repository\org\apache\tomcat\embed\tomcat-embed-core\10.1.36\tomcat-embed-core-10.1.36.jar;C:\Users\avira\.m2\repository\org\apache\tomcat\embed\tomcat-embed-el\10.1.36\tomcat-embed-el-10.1.36.jar;C:\Users\avira\.m2\repository\org\apache\tomcat\embed\tomcat-embed-websocket\10.1.36\tomcat-embed-websocket-10.1.36.jar;C:\Users\avira\.m2\repository\org\springframework\spring-web\6.2.3\spring-web-6.2.3.jar;C:\Users\avira\.m2\repository\org\springframework\spring-beans\6.2.3\spring-beans-6.2.3.jar;C:\Users\avira\.m2\repository\io\micrometer\micrometer-observation\1.14.4\micrometer-observation-1.14.4.jar;C:\Users\avira\.m2\repository\io\micrometer\micrometer-commons\1.14.4\micrometer-commons-1.14.4.jar;C:\Users\avira\.m2\repository\org\springframework\spring-webmvc\6.2.3\spring-webmvc-6.2.3.jar;C:\Users\avira\.m2\repository\org\springframework\spring-aop\6.2.3\spring-aop-6.2.3.jar;C:\Users\avira\.m2\repository\org\springframework\spring-context\6.2.3\spring-context-6.2.3.jar;C:\Users\avira\.m2\repository\org\springframework\spring-expression\6.2.3\spring-expression-6.2.3.jar;C:\Users\avira\.m2\repository\org\springframework\cloud\spring-cloud-starter-netflix-eureka-server\4.2.0\spring-cloud-starter-netflix-eureka-server-4.2.0.jar;C:\Users\avira\.m2\repository\org\springframework\cloud\spring-cloud-starter\4.2.0\spring-cloud-starter-4.2.0.jar;C:\Users\avira\.m2\repository\org\springframework\cloud\spring-cloud-context\4.2.0\spring-cloud-context-4.2.0.jar;C:\Users\avira\.m2\repository\org\springframework\security\spring-security-crypto\6.4.3\spring-security-crypto-6.4.3.jar;C:\Users\avira\.m2\repository\org\springframework\cloud\spring-cloud-commons\4.2.0\spring-cloud-commons-4.2.0.jar;C:\Users\avira\.m2\repository\org\bouncycastle\bcprov-jdk18on\1.78.1\bcprov-jdk18on-1.78.1.jar;C:\Users\avira\.m2\repository\org\springframework\cloud\spring-cloud-netflix-eureka-server\4.2.0\spring-cloud-netflix-eureka-server-4.2.0.jar;C:\Users\avira\.m2\repository\org\springframework\boot\spring-boot-starter-actuator\3.4.3\spring-boot-starter-actuator-3.4.3.jar;C:\Users\avira\.m2\repository\org\springframework\boot\spring-boot-actuator-autoconfigure\3.4.3\spring-boot-actuator-autoconfigure-3.4.3.jar;C:\Users\avira\.m2\repository\org\springframework\boot\spring-boot-actuator\3.4.3\spring-boot-actuator-3.4.3.jar;C:\Users\avira\.m2\repository\io\micrometer\micrometer-jakarta9\1.14.4\micrometer-jakarta9-1.14.4.jar;C:\Users\avira\.m2\repository\io\micrometer\micrometer-core\1.14.4\micrometer-core-1.14.4.jar;C:\Users\avira\.m2\repository\org\hdrhistogram\HdrHistogram\2.2.2\HdrHistogram-2.2.2.jar;C:\Users\avira\.m2\repository\org\latencyutils\LatencyUtils\2.0.3\LatencyUtils-2.0.3.jar;C:\Users\avira\.m2\repository\org\springframework\boot\spring-boot-starter-freemarker\3.4.3\spring-boot-starter-freemarker-3.4.3.jar;C:\Users\avira\.m2\repository\org\freemarker\freemarker\2.3.34\freemarker-2.3.34.jar;C:\Users\avira\.m2\repository\org\springframework\spring-context-support\6.2.3\spring-context-support-6.2.3.jar;C:\Users\avira\.m2\repository\org\springframework\cloud\spring-cloud-netflix-eureka-client\4.2.0\spring-cloud-netflix-eureka-client-4.2.0.jar;C:\Users\avira\.m2\repository\com\netflix\eureka\eureka-client\2.0.4\eureka-client-2.0.4.jar;C:\Users\avira\.m2\repository\com\thoughtworks\xstream\xstream\1.4.20\xstream-1.4.20.jar;C:\Users\avira\.m2\repository\io\github\x-stream\mxparser\1.2.2\mxparser-1.2.2.jar;C:\Users\avira\.m2\repository\xmlpull\xmlpull\1.1.3.1\xmlpull-1.1.3.1.jar;C:\Users\avira\.m2\repository\com\netflix\spectator\spectator-api\1.7.3\spectator-api-1.7.3.jar;C:\Users\avira\.m2\repository\org\apache\httpcomponents\httpclient\4.5.3\httpclient-4.5.3.jar;C:\Users\avira\.m2\repository\org\apache\httpcomponents\httpcore\4.4.16\httpcore-4.4.16.jar;C:\Users\avira\.m2\repository\commons-configuration\commons-configuration\1.10\commons-configuration-1.10.jar;C:\Users\avira\.m2\repository\commons-lang\commons-lang\2.6\commons-lang-2.6.jar;C:\Users\avira\.m2\repository\com\netflix\netflix-commons\netflix-eventbus\0.3.0\netflix-eventbus-0.3.0.jar;C:\Users\avira\.m2\repository\com\netflix\netflix-commons\netflix-infix\0.3.0\netflix-infix-0.3.0.jar;C:\Users\avira\.m2\repository\commons-jxpath\commons-jxpath\1.3\commons-jxpath-1.3.jar;C:\Users\avira\.m2\repository\joda-time\joda-time\2.3\joda-time-2.3.jar;C:\Users\avira\.m2\repository\org\antlr\antlr-runtime\3.4\antlr-runtime-3.4.jar;C:\Users\avira\.m2\repository\org\antlr\stringtemplate\3.2.1\stringtemplate-3.2.1.jar;C:\Users\avira\.m2\repository\antlr\antlr\2.7.7\antlr-2.7.7.jar;C:\Users\avira\.m2\repository\com\google\code\gson\gson\2.11.0\gson-2.11.0.jar;C:\Users\avira\.m2\repository\com\netflix\servo\servo-core\0.5.3\servo-core-0.5.3.jar;C:\Users\avira\.m2\repository\org\apache\commons\commons-math\2.2\commons-math-2.2.jar;C:\Users\avira\.m2\repository\javax\annotation\javax.annotation-api\1.2\javax.annotation-api-1.2.jar;C:\Users\avira\.m2\repository\org\codehaus\jettison\jettison\1.5.4\jettison-1.5.4.jar;C:\Users\avira\.m2\repository\org\apache\httpcomponents\client5\httpclient5\5.4.2\httpclient5-5.4.2.jar;C:\Users\avira\.m2\repository\org\apache\httpcomponents\core5\httpcore5\5.3.3\httpcore5-5.3.3.jar;C:\Users\avira\.m2\repository\org\apache\httpcomponents\core5\httpcore5-h2\5.3.3\httpcore5-h2-5.3.3.jar;C:\Users\avira\.m2\repository\com\netflix\eureka\eureka-client-jersey3\2.0.4\eureka-client-jersey3-2.0.4.jar;C:\Users\avira\.m2\repository\org\glassfish\jersey\connectors\jersey-apache-connector\3.1.10\jersey-apache-connector-3.1.10.jar;C:\Users\avira\.m2\repository\commons-codec\commons-codec\1.17.2\commons-codec-1.17.2.jar;C:\Users\avira\.m2\repository\commons-logging\commons-logging\1.3.4\commons-logging-1.3.4.jar;C:\Users\avira\.m2\repository\com\netflix\eureka\eureka-core-jersey3\2.0.4\eureka-core-jersey3-2.0.4.jar;C:\Users\avira\.m2\repository\com\netflix\eureka\eureka-core\2.0.4\eureka-core-2.0.4.jar;C:\Users\avira\.m2\repository\com\google\guava\guava\33.0.0-jre\guava-33.0.0-jre.jar;C:\Users\avira\.m2\repository\com\google\guava\failureaccess\1.0.2\failureaccess-1.0.2.jar;C:\Users\avira\.m2\repository\com\google\guava\listenablefuture\9999.0-empty-to-avoid-conflict-with-guava\listenablefuture-9999.0-empty-to-avoid-conflict-with-guava.jar;C:\Users\avira\.m2\repository\org\checkerframework\checker-qual\3.41.0\checker-qual-3.41.0.jar;C:\Users\avira\.m2\repository\com\google\errorprone\error_prone_annotations\2.23.0\error_prone_annotations-2.23.0.jar;C:\Users\avira\.m2\repository\com\google\j2objc\j2objc-annotations\2.8\j2objc-annotations-2.8.jar;C:\Users\avira\.m2\repository\org\glassfish\jersey\containers\jersey-container-servlet\3.1.10\jersey-container-servlet-3.1.10.jar;C:\Users\avira\.m2\repository\org\glassfish\jersey\containers\jersey-container-servlet-core\3.1.10\jersey-container-servlet-core-3.1.10.jar;C:\Users\avira\.m2\repository\org\glassfish\jersey\core\jersey-common\3.1.10\jersey-common-3.1.10.jar;C:\Users\avira\.m2\repository\org\glassfish\hk2\osgi-resource-locator\1.0.3\osgi-resource-locator-1.0.3.jar;C:\Users\avira\.m2\repository\jakarta\ws\rs\jakarta.ws.rs-api\3.1.0\jakarta.ws.rs-api-3.1.0.jar;C:\Users\avira\.m2\repository\org\glassfish\jersey\core\jersey-server\3.1.10\jersey-server-3.1.10.jar;C:\Users\avira\.m2\repository\jakarta\inject\jakarta.inject-api\2.0.1\jakarta.inject-api-2.0.1.jar;C:\Users\avira\.m2\repository\jakarta\validation\jakarta.validation-api\3.0.2\jakarta.validation-api-3.0.2.jar;C:\Users\avira\.m2\repository\org\glassfish\jersey\core\jersey-client\3.1.10\jersey-client-3.1.10.jar;C:\Users\avira\.m2\repository\org\glassfish\jersey\inject\jersey-hk2\3.1.10\jersey-hk2-3.1.10.jar;C:\Users\avira\.m2\repository\org\glassfish\hk2\hk2-locator\3.0.6\hk2-locator-3.0.6.jar;C:\Users\avira\.m2\repository\org\glassfish\hk2\external\aopalliance-repackaged\3.0.6\aopalliance-repackaged-3.0.6.jar;C:\Users\avira\.m2\repository\org\glassfish\hk2\hk2-utils\3.0.6\hk2-utils-3.0.6.jar;C:\Users\avira\.m2\repository\org\javassist\javassist\3.30.2-GA\javassist-3.30.2-GA.jar;C:\Users\avira\.m2\repository\org\glassfish\hk2\spring-bridge\3.1.1\spring-bridge-3.1.1.jar;C:\Users\avira\.m2\repository\org\glassfish\hk2\hk2-api\3.1.1\hk2-api-3.1.1.jar;C:\Users\avira\.m2\repository\com\fasterxml\jackson\dataformat\jackson-dataformat-xml\2.18.2\jackson-dataformat-xml-2.18.2.jar;C:\Users\avira\.m2\repository\org\codehaus\woodstox\stax2-api\4.2.2\stax2-api-4.2.2.jar;C:\Users\avira\.m2\repository\com\fasterxml\woodstox\woodstox-core\7.0.0\woodstox-core-7.0.0.jar;C:\Users\avira\.m2\repository\org\springframework\cloud\spring-cloud-starter-loadbalancer\4.2.0\spring-cloud-starter-loadbalancer-4.2.0.jar;C:\Users\avira\.m2\repository\org\springframework\cloud\spring-cloud-loadbalancer\4.2.0\spring-cloud-loadbalancer-4.2.0.jar;C:\Users\avira\.m2\repository\io\projectreactor\reactor-core\3.7.3\reactor-core-3.7.3.jar;C:\Users\avira\.m2\repository\org\reactivestreams\reactive-streams\1.0.4\reactive-streams-1.0.4.jar;C:\Users\avira\.m2\repository\io\projectreactor\addons\reactor-extra\3.5.2\reactor-extra-3.5.2.jar;C:\Users\avira\.m2\repository\org\springframework\boot\spring-boot-starter-cache\3.4.3\spring-boot-starter-cache-3.4.3.jar;C:\Users\avira\.m2\repository\com\stoyanr\evictor\1.0.0\evictor-1.0.0.jar;C:\Users\avira\.m2\repository\org\glassfish\jaxb\jaxb-runtime\4.0.5\jaxb-runtime-4.0.5.jar;C:\Users\avira\.m2\repository\org\glassfish\jaxb\jaxb-core\4.0.5\jaxb-core-4.0.5.jar;C:\Users\avira\.m2\repository\org\eclipse\angus\angus-activation\2.0.2\angus-activation-2.0.2.jar;C:\Users\avira\.m2\repository\org\glassfish\jaxb\txw2\4.0.5\txw2-4.0.5.jar;C:\Users\avira\.m2\repository\com\sun\istack\istack-commons-runtime\4.1.2\istack-commons-runtime-4.1.2.jar;C:\Users\avira\.m2\repository\org\slf4j\slf4j-api\2.0.16\slf4j-api-2.0.16.jar;C:\Users\avira\.m2\repository\jakarta\xml\bind\jakarta.xml.bind-api\4.0.2\jakarta.xml.bind-api-4.0.2.jar;C:\Users\avira\.m2\repository\jakarta\activation\jakarta.activation-api\2.1.3\jakarta.activation-api-2.1.3.jar;C:\Users\avira\.m2\repository\org\springframework\spring-core\6.2.3\spring-core-6.2.3.jar;C:\Users\avira\.m2\repository\org\springframework\spring-jcl\6.2.3\spring-jcl-6.2.3.jar
Launcher Type: SUN_STANDARD

[Global flags]
     intx CICompilerCount                          = 4                                         {product} {ergonomic}
     uint ConcGCThreads                            = 3                                         {product} {ergonomic}
     uint G1ConcRefinementThreads                  = 10                                        {product} {ergonomic}
   size_t G1HeapRegionSize                         = 1048576                                   {product} {ergonomic}
    uintx GCDrainStackTargetSize                   = 64                                        {product} {ergonomic}
   size_t InitialHeapSize                          = 98566144                                  {product} {ergonomic}
   size_t MarkStackSize                            = 4194304                                   {product} {ergonomic}
   size_t MaxHeapSize                              = 1572864000                                {product} {ergonomic}
   size_t MaxNewSize                               = 943718400                                 {product} {ergonomic}
   size_t MinHeapDeltaBytes                        = 1048576                                   {product} {ergonomic}
   size_t MinHeapSize                              = 8388608                                   {product} {ergonomic}
    uintx NonNMethodCodeHeapSize                   = 5839372                                {pd product} {ergonomic}
    uintx NonProfiledCodeHeapSize                  = 122909434                              {pd product} {ergonomic}
    uintx ProfiledCodeHeapSize                     = 122909434                              {pd product} {ergonomic}
    uintx ReservedCodeCacheSize                    = 251658240                              {pd product} {ergonomic}
     bool SegmentedCodeCache                       = true                                      {product} {ergonomic}
   size_t SoftMaxHeapSize                          = 1572864000                             {manageable} {ergonomic}
     bool UseCompressedClassPointers               = true                           {product lp64_product} {ergonomic}
     bool UseCompressedOops                        = true                           {product lp64_product} {ergonomic}
     bool UseG1GC                                  = true                                      {product} {ergonomic}
     bool UseLargePagesIndividualAllocation        = false                                  {pd product} {ergonomic}

Logging:
Log output configuration:
 #0: stdout all=warning uptime,level,tags foldmultilines=false
 #1: stderr all=off uptime,level,tags foldmultilines=false

Environment Variables:
PATH=C:\Program Files\Common Files\Oracle\Java\javapath;C:\Windows\system32;C:\Windows;C:\Windows\System32\Wbem;C:\Windows\System32\WindowsPowerShell\v1.0\;C:\Windows\System32\OpenSSH\;C:\Program Files (x86)\NVIDIA Corporation\PhysX\Common;C:\Program Files\NVIDIA Corporation\NVIDIA NvDLISR;C:\WINDOWS\system32;C:\WINDOWS;C:\WINDOWS\System32\Wbem;C:\WINDOWS\System32\WindowsPowerShell\v1.0\;C:\WINDOWS\System32\OpenSSH\;E:\mingw\bin;E:\java installer\bin;C:\Program Files\dotnet\;C:\Program Files\Git\cmd;C:\maven_home\apache-maven-3.9.9\bin;;C:\Program Files\Docker\Docker\resources\bin;C:\Users\avira\AppData\Local\Microsoft\WindowsApps;E:\mingw\bin;C:\Users\avira\AppData\Local\Programs\Microsoft VS Code\bin;D:\mongoShell\
USERNAME=avira
OS=Windows_NT
PROCESSOR_IDENTIFIER=AMD64 Family 25 Model 80 Stepping 0, AuthenticAMD
TMP=C:\Users\avira\AppData\Local\Temp
TEMP=C:\Users\avira\AppData\Local\Temp



---------------  S Y S T E M  ---------------

OS:
 Windows 11 , 64 bit Build 22621 (10.0.22621.4830)
OS uptime: 0 days 2:49 hours
Hyper-V role detected

CPU: total 12 (initial active 12) (12 cores per cpu, 2 threads per core) family 25 model 80 stepping 0 microcode 0x0, cx8, cmov, fxsr, ht, mmx, 3dnowpref, sse, sse2, sse3, ssse3, sse4a, sse4.1, sse4.2, popcnt, lzcnt, tsc, tscinvbit, avx, avx2, aes, erms, clmul, bmi1, bmi2, adx, sha, fma, vzeroupper, clflush, clflushopt, hv, rdtscp, rdpid, fsrm

Memory: 4k page, system-wide physical 5996M (496M free)
TotalPageFile size 18495M (AvailPageFile size 4M)
current process WorkingSet (physical memory assigned to process): 234M, peak: 234M
current process commit charge ("private bytes"): 323M, peak: 324M

vm_info: OpenJDK 64-Bit Server VM (19.0.2+7-44) for windows-amd64 JRE (19.0.2+7-44), built on 2022-11-30T18:02:09Z by "mach5one" with MS VC++ 17.1 (VS2022)

END.
