#
# There is insufficient memory for the Java Runtime Environment to continue.
# Native memory allocation (mmap) failed to map 65536 bytes for Failed to commit metaspace.
# Possible reasons:
#   The system is out of physical RAM or swap space
#   The process is running with CompressedOops enabled, and the Java Heap may be blocking the growth of the native heap
# Possible solutions:
#   Reduce memory load on the system
#   Increase physical memory or swap space
#   Check if swap backing store is full
#   Decrease Java heap size (-Xmx/-Xms)
#   Decrease number of Java threads
#   Decrease Java thread stack sizes (-Xss)
#   Set larger code cache with -XX:ReservedCodeCacheSize=
#   JVM is running with Unscaled Compressed Oops mode in which the Java heap is
#     placed in the first 4GB address space. The Java Heap base address is the
#     maximum limit for the native heap growth. Please use -XX:HeapBaseMinAddress
#     to set the Java Heap base and to place the Java Heap above 4GB virtual address.
# This output file may be truncated or incomplete.
#
#  Out of Memory Error (virtualSpaceNode.cpp:110), pid=7368, tid=15592
#
# JRE version: OpenJDK Runtime Environment (19.0.2+7) (build 19.0.2+7-44)
# Java VM: OpenJDK 64-Bit Server VM (19.0.2+7-44, mixed mode, sharing, tiered, compressed oops, compressed class ptrs, g1 gc, windows-amd64)
# No core dump will be written. Minidumps are not enabled by default on client versions of Windows
#

---------------  S U M M A R Y ------------

Command Line: -javaagent:E:\intel\IntelliJ IDEA Community Edition 2023.1\lib\idea_rt.jar=60760:E:\intel\IntelliJ IDEA Community Edition 2023.1\bin -Dfile.encoding=UTF-8 -Dsun.stdout.encoding=UTF-8 -Dsun.stderr.encoding=UTF-8 com.example.jobms.JobmsApplication

Host: AMD Ryzen 5 5600H with Radeon Graphics         , 12 cores, 5G,  Windows 11 , 64 bit Build 22621 (10.0.22621.4830)
Time: Wed Feb 26 12:13:25 2025 India Standard Time elapsed time: 0.828380 seconds (0d 0h 0m 0s)

---------------  T H R E A D  ---------------

Current thread (0x000002829f08fb50):  JavaThread "main" [_thread_in_vm, id=15592, stack(0x000000fbd3d00000,0x000000fbd3e00000)]

Stack: [0x000000fbd3d00000,0x000000fbd3e00000]
Native frames: (J=compiled Java code, j=interpreted, Vv=VM code, C=native code)
V  [jvm.dll+0x6ee21a]
V  [jvm.dll+0x85765e]
V  [jvm.dll+0x85904e]
V  [jvm.dll+0x859703]
V  [jvm.dll+0x28298f]
V  [jvm.dll+0x8532db]
V  [jvm.dll+0x692cb6]
V  [jvm.dll+0x1f2937]
V  [jvm.dll+0x6956f2]
V  [jvm.dll+0x6954de]
V  [jvm.dll+0x6936de]
V  [jvm.dll+0x6a4c39]
V  [jvm.dll+0x69dfb4]
V  [jvm.dll+0x3daab1]
C  0x00000282ae51e8ab

Java frames: (J=compiled Java code, j=interpreted, Vv=VM code)
j  org.springframework.boot.context.config.ConfigData$Option.<clinit>()V+0
v  ~StubRoutines::call_stub 0x00000282ae50100e
j  org.springframework.boot.context.config.StandardConfigDataLoader.<clinit>()V+6
v  ~StubRoutines::call_stub 0x00000282ae50100e
j  jdk.internal.misc.Unsafe.ensureClassInitialized0(Ljava/lang/Class;)V+0 java.base@19.0.2
j  jdk.internal.misc.Unsafe.ensureClassInitialized(Ljava/lang/Class;)V+14 java.base@19.0.2
j  jdk.internal.reflect.MethodHandleAccessorFactory.ensureClassInitialized(Ljava/lang/Class;)V+14 java.base@19.0.2
j  jdk.internal.reflect.MethodHandleAccessorFactory.newConstructorAccessor(Ljava/lang/reflect/Constructor;)Ljdk/internal/reflect/ConstructorAccessorImpl;+16 java.base@19.0.2
j  jdk.internal.reflect.ReflectionFactory.newConstructorAccessor(Ljava/lang/reflect/Constructor;)Ljdk/internal/reflect/ConstructorAccessor;+67 java.base@19.0.2
j  java.lang.reflect.Constructor.acquireConstructorAccessor()Ljdk/internal/reflect/ConstructorAccessor;+58 java.base@19.0.2
j  java.lang.reflect.Constructor.newInstanceWithCaller([Ljava/lang/Object;ZLjava/lang/Class;)Ljava/lang/Object;+33 java.base@19.0.2
j  java.lang.reflect.Constructor.newInstance([Ljava/lang/Object;)Ljava/lang/Object;+30 java.base@19.0.2
j  org.springframework.core.io.support.SpringFactoriesLoader$FactoryInstantiator.instantiate(Lorg/springframework/core/io/support/SpringFactoriesLoader$ArgumentResolver;)Ljava/lang/Object;+33
j  org.springframework.core.io.support.SpringFactoriesLoader.instantiateFactory(Ljava/lang/String;Ljava/lang/Class;Lorg/springframework/core/io/support/SpringFactoriesLoader$ArgumentResolver;Lorg/springframework/core/io/support/SpringFactoriesLoader$FailureHandler;)Ljava/lang/Object;+36
j  org.springframework.core.io.support.SpringFactoriesLoader.load(Ljava/lang/Class;Lorg/springframework/core/io/support/SpringFactoriesLoader$ArgumentResolver;Lorg/springframework/core/io/support/SpringFactoriesLoader$FailureHandler;)Ljava/util/List;+99
j  org.springframework.core.io.support.SpringFactoriesLoader.load(Ljava/lang/Class;Lorg/springframework/core/io/support/SpringFactoriesLoader$ArgumentResolver;)Ljava/util/List;+4
j  org.springframework.boot.context.config.ConfigDataLoaders.<init>(Lorg/springframework/boot/logging/DeferredLogFactory;Lorg/springframework/boot/ConfigurableBootstrapContext;Lorg/springframework/core/io/support/SpringFactoriesLoader;)V+84
j  org.springframework.boot.context.config.ConfigDataEnvironment.<init>(Lorg/springframework/boot/logging/DeferredLogFactory;Lorg/springframework/boot/ConfigurableBootstrapContext;Lorg/springframework/core/env/ConfigurableEnvironment;Lorg/springframework/core/io/ResourceLoader;Ljava/util/Collection;Lorg/springframework/boot/context/config/ConfigDataEnvironmentUpdateListener;)V+115
j  org.springframework.boot.context.config.ConfigDataEnvironmentPostProcessor.getConfigDataEnvironment(Lorg/springframework/core/env/ConfigurableEnvironment;Lorg/springframework/core/io/ResourceLoader;Ljava/util/Collection;)Lorg/springframework/boot/context/config/ConfigDataEnvironment;+19
j  org.springframework.boot.context.config.ConfigDataEnvironmentPostProcessor.postProcessEnvironment(Lorg/springframework/core/env/ConfigurableEnvironment;Lorg/springframework/core/io/ResourceLoader;Ljava/util/Collection;)V+31
j  org.springframework.boot.context.config.ConfigDataEnvironmentPostProcessor.postProcessEnvironment(Lorg/springframework/core/env/ConfigurableEnvironment;Lorg/springframework/boot/SpringApplication;)V+10
j  org.springframework.boot.env.EnvironmentPostProcessorApplicationListener.onApplicationEnvironmentPreparedEvent(Lorg/springframework/boot/context/event/ApplicationEnvironmentPreparedEvent;)V+66
j  org.springframework.boot.env.EnvironmentPostProcessorApplicationListener.onApplicationEvent(Lorg/springframework/context/ApplicationEvent;)V+14
j  org.springframework.context.event.SimpleApplicationEventMulticaster.doInvokeListener(Lorg/springframework/context/ApplicationListener;Lorg/springframework/context/ApplicationEvent;)V+2
j  org.springframework.context.event.SimpleApplicationEventMulticaster.invokeListener(Lorg/springframework/context/ApplicationListener;Lorg/springframework/context/ApplicationEvent;)V+34
j  org.springframework.context.event.SimpleApplicationEventMulticaster.multicastEvent(Lorg/springframework/context/ApplicationEvent;Lorg/springframework/core/ResolvableType;)V+104
j  org.springframework.context.event.SimpleApplicationEventMulticaster.multicastEvent(Lorg/springframework/context/ApplicationEvent;)V+3
j  org.springframework.boot.context.event.EventPublishingRunListener.multicastInitialEvent(Lorg/springframework/context/ApplicationEvent;)V+9
j  org.springframework.boot.context.event.EventPublishingRunListener.environmentPrepared(Lorg/springframework/boot/ConfigurableBootstrapContext;Lorg/springframework/core/env/ConfigurableEnvironment;)V+18
j  org.springframework.boot.SpringApplicationRunListeners.lambda$environmentPrepared$2(Lorg/springframework/boot/ConfigurableBootstrapContext;Lorg/springframework/core/env/ConfigurableEnvironment;Lorg/springframework/boot/SpringApplicationRunListener;)V+3
j  org.springframework.boot.SpringApplicationRunListeners$$Lambda$108+0x00000008010ffb00.accept(Ljava/lang/Object;)V+12
j  java.lang.Iterable.forEach(Ljava/util/function/Consumer;)V+30 java.base@19.0.2
j  org.springframework.boot.SpringApplicationRunListeners.doWithListeners(Ljava/lang/String;Ljava/util/function/Consumer;Ljava/util/function/Consumer;)V+17
j  org.springframework.boot.SpringApplicationRunListeners.doWithListeners(Ljava/lang/String;Ljava/util/function/Consumer;)V+4
j  org.springframework.boot.SpringApplicationRunListeners.environmentPrepared(Lorg/springframework/boot/ConfigurableBootstrapContext;Lorg/springframework/core/env/ConfigurableEnvironment;)V+10
j  org.springframework.boot.SpringApplication.prepareEnvironment(Lorg/springframework/boot/SpringApplicationRunListeners;Lorg/springframework/boot/DefaultBootstrapContext;Lorg/springframework/boot/ApplicationArguments;)Lorg/springframework/core/env/ConfigurableEnvironment;+27
j  org.springframework.boot.SpringApplication.run([Ljava/lang/String;)Lorg/springframework/context/ConfigurableApplicationContext;+65
j  org.springframework.boot.SpringApplication.run([Ljava/lang/Class;[Ljava/lang/String;)Lorg/springframework/context/ConfigurableApplicationContext;+9
j  org.springframework.boot.SpringApplication.run(Ljava/lang/Class;[Ljava/lang/String;)Lorg/springframework/context/ConfigurableApplicationContext;+9
j  com.example.jobms.JobmsApplication.main([Ljava/lang/String;)V+3
v  ~StubRoutines::call_stub 0x00000282ae50100e

---------------  P R O C E S S  ---------------

Threads class SMR info:
_java_thread_list=0x00000282c0e602d0, length=14, elements={
0x000002829f08fb50, 0x00000282bc906c70, 0x00000282bc907a60, 0x00000282bc90bd10,
0x00000282bc90c840, 0x00000282bc90f180, 0x00000282bc911ac0, 0x00000282bc916c30,
0x00000282bc9215c0, 0x00000282bc925730, 0x00000282c0cad410, 0x00000282c0ea0fe0,
0x00000282c0e894b0, 0x00000282c11635b0
}

Java Threads: ( => current thread )
=>0x000002829f08fb50 JavaThread "main" [_thread_in_vm, id=15592, stack(0x000000fbd3d00000,0x000000fbd3e00000)]
  0x00000282bc906c70 JavaThread "Reference Handler" daemon [_thread_blocked, id=22480, stack(0x000000fbd4400000,0x000000fbd4500000)]
  0x00000282bc907a60 JavaThread "Finalizer" daemon [_thread_blocked, id=14412, stack(0x000000fbd4500000,0x000000fbd4600000)]
  0x00000282bc90bd10 JavaThread "Signal Dispatcher" daemon [_thread_blocked, id=20896, stack(0x000000fbd4600000,0x000000fbd4700000)]
  0x00000282bc90c840 JavaThread "Attach Listener" daemon [_thread_blocked, id=10072, stack(0x000000fbd4700000,0x000000fbd4800000)]
  0x00000282bc90f180 JavaThread "Service Thread" daemon [_thread_blocked, id=12840, stack(0x000000fbd4800000,0x000000fbd4900000)]
  0x00000282bc911ac0 JavaThread "Monitor Deflation Thread" daemon [_thread_blocked, id=21136, stack(0x000000fbd4900000,0x000000fbd4a00000)]
  0x00000282bc916c30 JavaThread "C2 CompilerThread0" daemon [_thread_blocked, id=8728, stack(0x000000fbd4a00000,0x000000fbd4b00000)]
  0x00000282bc9215c0 JavaThread "C1 CompilerThread0" daemon [_thread_blocked, id=11232, stack(0x000000fbd4b00000,0x000000fbd4c00000)]
  0x00000282bc925730 JavaThread "Sweeper thread" daemon [_thread_blocked, id=12648, stack(0x000000fbd4c00000,0x000000fbd4d00000)]
  0x00000282c0cad410 JavaThread "Common-Cleaner" daemon [_thread_blocked, id=11636, stack(0x000000fbd4d00000,0x000000fbd4e00000)]
  0x00000282c0ea0fe0 JavaThread "C2 CompilerThread1" daemon [_thread_blocked, id=8104, stack(0x000000fbd4e00000,0x000000fbd4f00000)]
  0x00000282c0e894b0 JavaThread "Monitor Ctrl-Break" daemon [_thread_in_native, id=1600, stack(0x000000fbd4f00000,0x000000fbd5000000)]
  0x00000282c11635b0 JavaThread "Notification Thread" daemon [_thread_blocked, id=22392, stack(0x000000fbd5000000,0x000000fbd5100000)]

Other Threads:
  0x00000282bc8ec730 VMThread "VM Thread" [stack: 0x000000fbd4300000,0x000000fbd4400000] [id=22160]
  0x00000282c0e8c950 WatcherThread "VM Periodic Task Thread" [stack: 0x000000fbd5100000,0x000000fbd5200000] [id=12780]
  0x000002829f0e0f60 WorkerThread "GC Thread#0" [stack: 0x000000fbd3e00000,0x000000fbd3f00000] [id=22308]
  0x00000282c17c6b40 WorkerThread "GC Thread#1" [stack: 0x000000fbd5200000,0x000000fbd5300000] [id=6352]
  0x00000282c1546940 WorkerThread "GC Thread#2" [stack: 0x000000fbd5300000,0x000000fbd5400000] [id=16328]
  0x00000282c1a19680 WorkerThread "GC Thread#3" [stack: 0x000000fbd5400000,0x000000fbd5500000] [id=12800]
  0x00000282c1a1a760 WorkerThread "GC Thread#4" [stack: 0x000000fbd5500000,0x000000fbd5600000] [id=13900]
  0x00000282c1a190e0 WorkerThread "GC Thread#5" [stack: 0x000000fbd5600000,0x000000fbd5700000] [id=8428]
  0x000002829f0edbe0 ConcurrentGCThread "G1 Main Marker" [stack: 0x000000fbd3f00000,0x000000fbd4000000] [id=4076]
  0x000002829f0ee610 WorkerThread "G1 Conc#0" [stack: 0x000000fbd4000000,0x000000fbd4100000] [id=1344]
  0x000002829f13e170 ConcurrentGCThread "G1 Refine#0" [stack: 0x000000fbd4100000,0x000000fbd4200000] [id=7780]
  0x00000282bc7a74f0 ConcurrentGCThread "G1 Service" [stack: 0x000000fbd4200000,0x000000fbd4300000] [id=22556]

Threads with active compile tasks:

VM state: not at safepoint (normal execution)

VM Mutex/Monitor currently owned by a thread:  ([mutex/lock_event])
[0x000002829f08a160] Metaspace_lock - owner thread: 0x000002829f08fb50

Heap address: 0x00000000a2400000, size: 1500 MB, Compressed Oops mode: 32-bit

CDS archive(s) mapped at: [0x0000000800000000-0x0000000800c40000-0x0000000800c40000), size 12845056, SharedBaseAddress: 0x0000000800000000, ArchiveRelocationMode: 0.
Compressed class space mapped at: 0x0000000801000000-0x0000000841000000, reserved size: 1073741824
Narrow klass base: 0x0000000800000000, Narrow klass shift: 0, Narrow klass range: 0x100000000

GC Precious Log:
 CardTable entry size: 512
 Card Set container configuration: InlinePtr #cards 5 size 8 Array Of Cards #cards 12 size 40 Howl #buckets 4 coarsen threshold 1843 Howl Bitmap #cards 512 size 80 coarsen threshold 460 Card regions per heap region 1 cards per card region 2048
 CPUs: 12 total, 12 available
 Memory: 5996M
 Large Page Support: Disabled
 NUMA Support: Disabled
 Compressed Oops: Enabled (32-bit)
 Heap Region Size: 1M
 Heap Min Capacity: 8M
 Heap Initial Capacity: 94M
 Heap Max Capacity: 1500M
 Pre-touch: Disabled
 Parallel Workers: 10
 Concurrent Workers: 3
 Concurrent Refinement Workers: 10
 Periodic GC: Disabled

Heap:
 garbage-first heap   total 96256K, used 32304K [0x00000000a2400000, 0x0000000100000000)
  region size 1024K, 20 young (20480K), 3 survivors (3072K)
 Metaspace       used 9052K, committed 9216K, reserved 1114112K
  class space    used 1007K, committed 1088K, reserved 1048576K

Heap Regions: E=young(eden), S=young(survivor), O=old, HS=humongous(starts), HC=humongous(continues), CS=collection set, F=free, OA=open archive, CA=closed archive, TAMS=top-at-mark-start (previous, next)
|   0|0x00000000a2400000, 0x00000000a2500000, 0x00000000a2500000|100%|HS|  |TAMS 0x00000000a2400000, 0x00000000a2400000| Complete 
|   1|0x00000000a2500000, 0x00000000a2600000, 0x00000000a2600000|100%|HS|  |TAMS 0x00000000a2500000, 0x00000000a2500000| Complete 
|   2|0x00000000a2600000, 0x00000000a2700000, 0x00000000a2700000|100%|HS|  |TAMS 0x00000000a2600000, 0x00000000a2600000| Complete 
|   3|0x00000000a2700000, 0x00000000a2700000, 0x00000000a2800000|  0%| F|  |TAMS 0x00000000a2700000, 0x00000000a2700000| Untracked 
|   4|0x00000000a2800000, 0x00000000a2900000, 0x00000000a2900000|100%|HS|  |TAMS 0x00000000a2800000, 0x00000000a2800000| Complete 
|   5|0x00000000a2900000, 0x00000000a2900000, 0x00000000a2a00000|  0%| F|  |TAMS 0x00000000a2900000, 0x00000000a2900000| Untracked 
|   6|0x00000000a2a00000, 0x00000000a2b00000, 0x00000000a2b00000|100%|HS|  |TAMS 0x00000000a2a00000, 0x00000000a2a00000| Complete 
|   7|0x00000000a2b00000, 0x00000000a2c00000, 0x00000000a2c00000|100%|HS|  |TAMS 0x00000000a2b00000, 0x00000000a2b00000| Complete 
|   8|0x00000000a2c00000, 0x00000000a2d00000, 0x00000000a2d00000|100%| O|  |TAMS 0x00000000a2c00000, 0x00000000a2c00000| Untracked 
|   9|0x00000000a2d00000, 0x00000000a2e00000, 0x00000000a2e00000|100%| O|  |TAMS 0x00000000a2d00000, 0x00000000a2d00000| Untracked 
|  10|0x00000000a2e00000, 0x00000000a2f00000, 0x00000000a2f00000|100%| O|  |TAMS 0x00000000a2e00000, 0x00000000a2e00000| Untracked 
|  11|0x00000000a2f00000, 0x00000000a3000000, 0x00000000a3000000|100%| O|  |TAMS 0x00000000a2f00000, 0x00000000a2f00000| Untracked 
|  12|0x00000000a3000000, 0x00000000a3100000, 0x00000000a3100000|100%| O|  |TAMS 0x00000000a3000000, 0x00000000a3000000| Untracked 
|  13|0x00000000a3100000, 0x00000000a3200000, 0x00000000a3200000|100%| O|  |TAMS 0x00000000a3100000, 0x00000000a3100000| Untracked 
|  14|0x00000000a3200000, 0x00000000a328c000, 0x00000000a3300000| 54%| O|  |TAMS 0x00000000a3200000, 0x00000000a3200000| Untracked 
|  15|0x00000000a3300000, 0x00000000a3300000, 0x00000000a3400000|  0%| F|  |TAMS 0x00000000a3300000, 0x00000000a3300000| Untracked 
|  16|0x00000000a3400000, 0x00000000a3400000, 0x00000000a3500000|  0%| F|  |TAMS 0x00000000a3400000, 0x00000000a3400000| Untracked 
|  17|0x00000000a3500000, 0x00000000a3500000, 0x00000000a3600000|  0%| F|  |TAMS 0x00000000a3500000, 0x00000000a3500000| Untracked 
|  18|0x00000000a3600000, 0x00000000a3600000, 0x00000000a3700000|  0%| F|  |TAMS 0x00000000a3600000, 0x00000000a3600000| Untracked 
|  19|0x00000000a3700000, 0x00000000a3700000, 0x00000000a3800000|  0%| F|  |TAMS 0x00000000a3700000, 0x00000000a3700000| Untracked 
|  20|0x00000000a3800000, 0x00000000a3800000, 0x00000000a3900000|  0%| F|  |TAMS 0x00000000a3800000, 0x00000000a3800000| Untracked 
|  21|0x00000000a3900000, 0x00000000a3900000, 0x00000000a3a00000|  0%| F|  |TAMS 0x00000000a3900000, 0x00000000a3900000| Untracked 
|  22|0x00000000a3a00000, 0x00000000a3a00000, 0x00000000a3b00000|  0%| F|  |TAMS 0x00000000a3a00000, 0x00000000a3a00000| Untracked 
|  23|0x00000000a3b00000, 0x00000000a3b00000, 0x00000000a3c00000|  0%| F|  |TAMS 0x00000000a3b00000, 0x00000000a3b00000| Untracked 
|  24|0x00000000a3c00000, 0x00000000a3c00000, 0x00000000a3d00000|  0%| F|  |TAMS 0x00000000a3c00000, 0x00000000a3c00000| Untracked 
|  25|0x00000000a3d00000, 0x00000000a3d00000, 0x00000000a3e00000|  0%| F|  |TAMS 0x00000000a3d00000, 0x00000000a3d00000| Untracked 
|  26|0x00000000a3e00000, 0x00000000a3e00000, 0x00000000a3f00000|  0%| F|  |TAMS 0x00000000a3e00000, 0x00000000a3e00000| Untracked 
|  27|0x00000000a3f00000, 0x00000000a3f00000, 0x00000000a4000000|  0%| F|  |TAMS 0x00000000a3f00000, 0x00000000a3f00000| Untracked 
|  28|0x00000000a4000000, 0x00000000a4000000, 0x00000000a4100000|  0%| F|  |TAMS 0x00000000a4000000, 0x00000000a4000000| Untracked 
|  29|0x00000000a4100000, 0x00000000a4100000, 0x00000000a4200000|  0%| F|  |TAMS 0x00000000a4100000, 0x00000000a4100000| Untracked 
|  30|0x00000000a4200000, 0x00000000a4200000, 0x00000000a4300000|  0%| F|  |TAMS 0x00000000a4200000, 0x00000000a4200000| Untracked 
|  31|0x00000000a4300000, 0x00000000a4300000, 0x00000000a4400000|  0%| F|  |TAMS 0x00000000a4300000, 0x00000000a4300000| Untracked 
|  32|0x00000000a4400000, 0x00000000a4400000, 0x00000000a4500000|  0%| F|  |TAMS 0x00000000a4400000, 0x00000000a4400000| Untracked 
|  33|0x00000000a4500000, 0x00000000a4500000, 0x00000000a4600000|  0%| F|  |TAMS 0x00000000a4500000, 0x00000000a4500000| Untracked 
|  34|0x00000000a4600000, 0x00000000a4600000, 0x00000000a4700000|  0%| F|  |TAMS 0x00000000a4600000, 0x00000000a4600000| Untracked 
|  35|0x00000000a4700000, 0x00000000a4700000, 0x00000000a4800000|  0%| F|  |TAMS 0x00000000a4700000, 0x00000000a4700000| Untracked 
|  36|0x00000000a4800000, 0x00000000a4800000, 0x00000000a4900000|  0%| F|  |TAMS 0x00000000a4800000, 0x00000000a4800000| Untracked 
|  37|0x00000000a4900000, 0x00000000a4900000, 0x00000000a4a00000|  0%| F|  |TAMS 0x00000000a4900000, 0x00000000a4900000| Untracked 
|  38|0x00000000a4a00000, 0x00000000a4a00000, 0x00000000a4b00000|  0%| F|  |TAMS 0x00000000a4a00000, 0x00000000a4a00000| Untracked 
|  39|0x00000000a4b00000, 0x00000000a4b00000, 0x00000000a4c00000|  0%| F|  |TAMS 0x00000000a4b00000, 0x00000000a4b00000| Untracked 
|  40|0x00000000a4c00000, 0x00000000a4c00000, 0x00000000a4d00000|  0%| F|  |TAMS 0x00000000a4c00000, 0x00000000a4c00000| Untracked 
|  41|0x00000000a4d00000, 0x00000000a4d00000, 0x00000000a4e00000|  0%| F|  |TAMS 0x00000000a4d00000, 0x00000000a4d00000| Untracked 
|  42|0x00000000a4e00000, 0x00000000a4e00000, 0x00000000a4f00000|  0%| F|  |TAMS 0x00000000a4e00000, 0x00000000a4e00000| Untracked 
|  43|0x00000000a4f00000, 0x00000000a4f00000, 0x00000000a5000000|  0%| F|  |TAMS 0x00000000a4f00000, 0x00000000a4f00000| Untracked 
|  44|0x00000000a5000000, 0x00000000a5000000, 0x00000000a5100000|  0%| F|  |TAMS 0x00000000a5000000, 0x00000000a5000000| Untracked 
|  45|0x00000000a5100000, 0x00000000a5100000, 0x00000000a5200000|  0%| F|  |TAMS 0x00000000a5100000, 0x00000000a5100000| Untracked 
|  46|0x00000000a5200000, 0x00000000a5200000, 0x00000000a5300000|  0%| F|  |TAMS 0x00000000a5200000, 0x00000000a5200000| Untracked 
|  47|0x00000000a5300000, 0x00000000a5300000, 0x00000000a5400000|  0%| F|  |TAMS 0x00000000a5300000, 0x00000000a5300000| Untracked 
|  48|0x00000000a5400000, 0x00000000a5400000, 0x00000000a5500000|  0%| F|  |TAMS 0x00000000a5400000, 0x00000000a5400000| Untracked 
|  49|0x00000000a5500000, 0x00000000a5500000, 0x00000000a5600000|  0%| F|  |TAMS 0x00000000a5500000, 0x00000000a5500000| Untracked 
|  50|0x00000000a5600000, 0x00000000a5600000, 0x00000000a5700000|  0%| F|  |TAMS 0x00000000a5600000, 0x00000000a5600000| Untracked 
|  51|0x00000000a5700000, 0x00000000a5700000, 0x00000000a5800000|  0%| F|  |TAMS 0x00000000a5700000, 0x00000000a5700000| Untracked 
|  52|0x00000000a5800000, 0x00000000a5800000, 0x00000000a5900000|  0%| F|  |TAMS 0x00000000a5800000, 0x00000000a5800000| Untracked 
|  53|0x00000000a5900000, 0x00000000a5900000, 0x00000000a5a00000|  0%| F|  |TAMS 0x00000000a5900000, 0x00000000a5900000| Untracked 
|  54|0x00000000a5a00000, 0x00000000a5a00000, 0x00000000a5b00000|  0%| F|  |TAMS 0x00000000a5a00000, 0x00000000a5a00000| Untracked 
|  55|0x00000000a5b00000, 0x00000000a5b00000, 0x00000000a5c00000|  0%| F|  |TAMS 0x00000000a5b00000, 0x00000000a5b00000| Untracked 
|  56|0x00000000a5c00000, 0x00000000a5c00000, 0x00000000a5d00000|  0%| F|  |TAMS 0x00000000a5c00000, 0x00000000a5c00000| Untracked 
|  57|0x00000000a5d00000, 0x00000000a5d00000, 0x00000000a5e00000|  0%| F|  |TAMS 0x00000000a5d00000, 0x00000000a5d00000| Untracked 
|  58|0x00000000a5e00000, 0x00000000a5e00000, 0x00000000a5f00000|  0%| F|  |TAMS 0x00000000a5e00000, 0x00000000a5e00000| Untracked 
|  59|0x00000000a5f00000, 0x00000000a5f00000, 0x00000000a6000000|  0%| F|  |TAMS 0x00000000a5f00000, 0x00000000a5f00000| Untracked 
|  60|0x00000000a6000000, 0x00000000a6000000, 0x00000000a6100000|  0%| F|  |TAMS 0x00000000a6000000, 0x00000000a6000000| Untracked 
|  61|0x00000000a6100000, 0x00000000a6100000, 0x00000000a6200000|  0%| F|  |TAMS 0x00000000a6100000, 0x00000000a6100000| Untracked 
|  62|0x00000000a6200000, 0x00000000a6200000, 0x00000000a6300000|  0%| F|  |TAMS 0x00000000a6200000, 0x00000000a6200000| Untracked 
|  63|0x00000000a6300000, 0x00000000a6300000, 0x00000000a6400000|  0%| F|  |TAMS 0x00000000a6300000, 0x00000000a6300000| Untracked 
|  64|0x00000000a6400000, 0x00000000a6400000, 0x00000000a6500000|  0%| F|  |TAMS 0x00000000a6400000, 0x00000000a6400000| Untracked 
|  65|0x00000000a6500000, 0x00000000a6500000, 0x00000000a6600000|  0%| F|  |TAMS 0x00000000a6500000, 0x00000000a6500000| Untracked 
|  66|0x00000000a6600000, 0x00000000a6600000, 0x00000000a6700000|  0%| F|  |TAMS 0x00000000a6600000, 0x00000000a6600000| Untracked 
|  67|0x00000000a6700000, 0x00000000a6700000, 0x00000000a6800000|  0%| F|  |TAMS 0x00000000a6700000, 0x00000000a6700000| Untracked 
|  68|0x00000000a6800000, 0x00000000a6900000, 0x00000000a6900000|100%| S|CS|TAMS 0x00000000a6800000, 0x00000000a6800000| Complete 
|  69|0x00000000a6900000, 0x00000000a6a00000, 0x00000000a6a00000|100%| S|CS|TAMS 0x00000000a6900000, 0x00000000a6900000| Complete 
|  70|0x00000000a6a00000, 0x00000000a6b00000, 0x00000000a6b00000|100%| S|CS|TAMS 0x00000000a6a00000, 0x00000000a6a00000| Complete 
|  71|0x00000000a6b00000, 0x00000000a6b00000, 0x00000000a6c00000|  0%| F|  |TAMS 0x00000000a6b00000, 0x00000000a6b00000| Untracked 
|  72|0x00000000a6c00000, 0x00000000a6c00000, 0x00000000a6d00000|  0%| F|  |TAMS 0x00000000a6c00000, 0x00000000a6c00000| Untracked 
|  73|0x00000000a6d00000, 0x00000000a6d00000, 0x00000000a6e00000|  0%| F|  |TAMS 0x00000000a6d00000, 0x00000000a6d00000| Untracked 
|  74|0x00000000a6e00000, 0x00000000a6e00000, 0x00000000a6f00000|  0%| F|  |TAMS 0x00000000a6e00000, 0x00000000a6e00000| Untracked 
|  75|0x00000000a6f00000, 0x00000000a6f00000, 0x00000000a7000000|  0%| F|  |TAMS 0x00000000a6f00000, 0x00000000a6f00000| Untracked 
|  76|0x00000000a7000000, 0x00000000a7000000, 0x00000000a7100000|  0%| F|  |TAMS 0x00000000a7000000, 0x00000000a7000000| Untracked 
|  77|0x00000000a7100000, 0x00000000a71d6068, 0x00000000a7200000| 83%| E|  |TAMS 0x00000000a7100000, 0x00000000a7100000| Complete 
|  78|0x00000000a7200000, 0x00000000a7300000, 0x00000000a7300000|100%| E|CS|TAMS 0x00000000a7200000, 0x00000000a7200000| Complete 
|  79|0x00000000a7300000, 0x00000000a7400000, 0x00000000a7400000|100%| E|CS|TAMS 0x00000000a7300000, 0x00000000a7300000| Complete 
|  80|0x00000000a7400000, 0x00000000a7500000, 0x00000000a7500000|100%| E|CS|TAMS 0x00000000a7400000, 0x00000000a7400000| Complete 
|  81|0x00000000a7500000, 0x00000000a7600000, 0x00000000a7600000|100%| E|CS|TAMS 0x00000000a7500000, 0x00000000a7500000| Complete 
|  82|0x00000000a7600000, 0x00000000a7700000, 0x00000000a7700000|100%| E|CS|TAMS 0x00000000a7600000, 0x00000000a7600000| Complete 
|  83|0x00000000a7700000, 0x00000000a7800000, 0x00000000a7800000|100%| E|CS|TAMS 0x00000000a7700000, 0x00000000a7700000| Complete 
|  84|0x00000000a7800000, 0x00000000a7900000, 0x00000000a7900000|100%| E|CS|TAMS 0x00000000a7800000, 0x00000000a7800000| Complete 
|  85|0x00000000a7900000, 0x00000000a7a00000, 0x00000000a7a00000|100%| E|CS|TAMS 0x00000000a7900000, 0x00000000a7900000| Complete 
|  86|0x00000000a7a00000, 0x00000000a7b00000, 0x00000000a7b00000|100%| E|CS|TAMS 0x00000000a7a00000, 0x00000000a7a00000| Complete 
|  87|0x00000000a7b00000, 0x00000000a7c00000, 0x00000000a7c00000|100%| E|CS|TAMS 0x00000000a7b00000, 0x00000000a7b00000| Complete 
|  88|0x00000000a7c00000, 0x00000000a7d00000, 0x00000000a7d00000|100%| E|CS|TAMS 0x00000000a7c00000, 0x00000000a7c00000| Complete 
|  89|0x00000000a7d00000, 0x00000000a7e00000, 0x00000000a7e00000|100%| E|CS|TAMS 0x00000000a7d00000, 0x00000000a7d00000| Complete 
|  90|0x00000000a7e00000, 0x00000000a7f00000, 0x00000000a7f00000|100%| E|CS|TAMS 0x00000000a7e00000, 0x00000000a7e00000| Complete 
|  91|0x00000000a7f00000, 0x00000000a8000000, 0x00000000a8000000|100%| E|CS|TAMS 0x00000000a7f00000, 0x00000000a7f00000| Complete 
|  92|0x00000000a8000000, 0x00000000a8100000, 0x00000000a8100000|100%| E|CS|TAMS 0x00000000a8000000, 0x00000000a8000000| Complete 
|  93|0x00000000a8100000, 0x00000000a8200000, 0x00000000a8200000|100%| E|CS|TAMS 0x00000000a8100000, 0x00000000a8100000| Complete 

Card table byte_map: [0x00000282b6810000,0x00000282b6b00000] _byte_map_base: 0x00000282b62fe000

Marking Bits (Prev, Next): (CMBitMap*) 0x000002829f0e1590, (CMBitMap*) 0x000002829f0e15d0
 Prev Bits: [0x00000282b6df0000, 0x00000282b8560000)
 Next Bits: [0x00000282b8560000, 0x00000282b9cd0000)

Polling page: 0x000002829cff0000

Metaspace:

Usage:
  Non-class:      7.86 MB used.
      Class:   1007.84 KB used.
       Both:      8.84 MB used.

Virtual space:
  Non-class space:       64.00 MB reserved,       7.94 MB ( 12%) committed,  1 nodes.
      Class space:        1.00 GB reserved,       1.06 MB ( <1%) committed,  1 nodes.
             Both:        1.06 GB reserved,       9.00 MB ( <1%) committed. 

Chunk freelists:
   Non-Class:  3.73 MB
       Class:  2.88 MB
        Both:  6.62 MB

MaxMetaspaceSize: unlimited
CompressedClassSpaceSize: 1.00 GB
Initial GC threshold: 21.00 MB
Current GC threshold: 21.00 MB
CDS: on
MetaspaceReclaimPolicy: balanced
 - commit_granule_bytes: 65536.
 - commit_granule_words: 8192.
 - virtual_space_node_default_size: 8388608.
 - enlarge_chunks_in_place: 1.
 - new_chunks_are_fully_committed: 0.
 - uncommit_free_chunks: 1.
 - use_allocation_guard: 0.


Internal statistics:

num_allocs_failed_limit: 0.
num_arena_births: 188.
num_arena_deaths: 0.
num_vsnodes_births: 2.
num_vsnodes_deaths: 0.
num_space_committed: 144.
num_space_uncommitted: 0.
num_chunks_returned_to_freelist: 0.
num_chunks_taken_from_freelist: 403.
num_chunk_merges: 0.
num_chunk_splits: 244.
num_chunks_enlarged: 174.
num_inconsistent_stats: 0.

CodeHeap 'non-profiled nmethods': size=120000Kb used=639Kb max_used=639Kb free=119360Kb
 bounds [0x00000282aeaa0000, 0x00000282aed10000, 0x00000282b5fd0000]
CodeHeap 'profiled nmethods': size=120000Kb used=2630Kb max_used=2630Kb free=117370Kb
 bounds [0x00000282a6fd0000, 0x00000282a7270000, 0x00000282ae500000]
CodeHeap 'non-nmethods': size=5760Kb used=1261Kb max_used=1282Kb free=4498Kb
 bounds [0x00000282ae500000, 0x00000282ae770000, 0x00000282aeaa0000]
 total_blobs=1971 nmethods=1496 adapters=386
 compilation: enabled
              stopped_count=0, restarted_count=0
 full_count=0

Compilation events (20 events):
Event: 0.822 Thread 0x00000282bc9215c0 1483       3       java.util.stream.StreamOpFlag::isKnown (19 bytes)
Event: 0.822 Thread 0x00000282bc9215c0 nmethod 1483 0x00000282a725f990 code [0x00000282a725fb20, 0x00000282a725fc98]
Event: 0.822 Thread 0x00000282bc9215c0 1484       3       java.lang.invoke.MemberName::hashCode (43 bytes)
Event: 0.823 Thread 0x00000282bc9215c0 nmethod 1484 0x00000282aeb3d210 code [0x00000282aeb3d460, 0x00000282aeb3e1a8]
Event: 0.823 Thread 0x00000282bc9215c0 1485       3       java.lang.Byte::hashCode (8 bytes)
Event: 0.823 Thread 0x00000282bc9215c0 nmethod 1485 0x00000282aeb3e510 code [0x00000282aeb3e6c0, 0x00000282aeb3e818]
Event: 0.823 Thread 0x00000282bc9215c0 1486       3       java.lang.Byte::hashCode (2 bytes)
Event: 0.823 Thread 0x00000282bc9215c0 nmethod 1486 0x00000282a725fd10 code [0x00000282a725fea0, 0x00000282a725ff98]
Event: 0.823 Thread 0x00000282bc9215c0 1487       3       java.util.stream.Sink$ChainedReference::cancellationRequested (10 bytes)
Event: 0.823 Thread 0x00000282bc9215c0 nmethod 1487 0x00000282aeb3e910 code [0x00000282aeb3eac0, 0x00000282aeb3ec88]
Event: 0.824 Thread 0x00000282bc9215c0 1492       3       java.util.concurrent.CopyOnWriteArrayList$COWIterator::hasNext (18 bytes)
Event: 0.824 Thread 0x00000282bc9215c0 nmethod 1492 0x00000282a7260010 code [0x00000282a72601a0, 0x00000282a7260318]
Event: 0.825 Thread 0x00000282bc9215c0 1493       1       java.util.Spliterators$ArraySpliterator::characteristics (5 bytes)
Event: 0.825 Thread 0x00000282bc9215c0 nmethod 1493 0x00000282aeb3f990 code [0x00000282aeb3fb20, 0x00000282aeb3fbd8]
Event: 0.825 Thread 0x00000282bc9215c0 1494       3       org.springframework.boot.context.properties.source.ConfigurationPropertyName::isAncestorOf (25 bytes)
Event: 0.825 Thread 0x00000282bc9215c0 nmethod 1494 0x00000282a7260410 code [0x00000282a7260600, 0x00000282a7260a18]
Event: 0.825 Thread 0x00000282bc9215c0 1495       3       jdk.internal.org.objectweb.asm.ClassReader::readUtf (161 bytes)
Event: 0.825 Thread 0x00000282bc9215c0 nmethod 1495 0x00000282a7260c10 code [0x00000282a7260de0, 0x00000282a7261248]
Event: 0.825 Thread 0x00000282bc9215c0 1496       3       jdk.internal.loader.ClassLoaders::platformClassLoader (4 bytes)
Event: 0.825 Thread 0x00000282bc9215c0 nmethod 1496 0x00000282a7261510 code [0x00000282a72616a0, 0x00000282a7261798]

GC Heap History (2 events):
Event: 0.472 GC heap before
{Heap before GC invocations=0 (full 0):
 garbage-first heap   total 96256K, used 31744K [0x00000000a2400000, 0x0000000100000000)
  region size 1024K, 23 young (23552K), 0 survivors (0K)
 Metaspace       used 4217K, committed 4416K, reserved 1114112K
  class space    used 404K, committed 512K, reserved 1048576K
}
Event: 0.486 GC heap after
{Heap after GC invocations=1 (full 0):
 garbage-first heap   total 96256K, used 15920K [0x00000000a2400000, 0x0000000100000000)
  region size 1024K, 3 young (3072K), 3 survivors (3072K)
 Metaspace       used 4217K, committed 4416K, reserved 1114112K
  class space    used 404K, committed 512K, reserved 1048576K
}

Dll operation events (10 events):
Event: 0.007 Loaded shared library C:\Users\avira\.jdks\openjdk-19.0.2\bin\java.dll
Event: 0.013 Loaded shared library C:\Users\avira\.jdks\openjdk-19.0.2\bin\jsvml.dll
Event: 0.116 Loaded shared library C:\Users\avira\.jdks\openjdk-19.0.2\bin\zip.dll
Event: 0.119 Loaded shared library C:\Users\avira\.jdks\openjdk-19.0.2\bin\instrument.dll
Event: 0.124 Loaded shared library C:\Users\avira\.jdks\openjdk-19.0.2\bin\net.dll
Event: 0.126 Loaded shared library C:\Users\avira\.jdks\openjdk-19.0.2\bin\nio.dll
Event: 0.128 Loaded shared library C:\Users\avira\.jdks\openjdk-19.0.2\bin\zip.dll
Event: 0.226 Loaded shared library E:\intel\IntelliJ IDEA Community Edition 2023.1\bin\breakgen64.dll
Event: 0.235 Loaded shared library C:\Users\avira\.jdks\openjdk-19.0.2\bin\extnet.dll
Event: 0.277 Loaded shared library C:\Users\avira\.jdks\openjdk-19.0.2\bin\jimage.dll

Deoptimization events (20 events):
Event: 0.728 Thread 0x000002829f08fb50 DEOPT PACKING pc=0x00000282aeb125a4 sp=0x000000fbd3dfed10
Event: 0.728 Thread 0x000002829f08fb50 DEOPT UNPACKING pc=0x00000282ae566da3 sp=0x000000fbd3dfeca8 mode 2
Event: 0.769 Thread 0x000002829f08fb50 Uncommon trap: trap_request=0xffffffde fr.pc=0x00000282aeb312ac relative=0x000000000000010c
Event: 0.769 Thread 0x000002829f08fb50 Uncommon trap: reason=class_check action=maybe_recompile pc=0x00000282aeb312ac method=jdk.internal.misc.Unsafe.allocateUninitializedArray(Ljava/lang/Class;I)Ljava/lang/Object; @ 51 c2
Event: 0.769 Thread 0x000002829f08fb50 DEOPT PACKING pc=0x00000282aeb312ac sp=0x000000fbd3dfd6f0
Event: 0.769 Thread 0x000002829f08fb50 DEOPT UNPACKING pc=0x00000282ae566da3 sp=0x000000fbd3dfd678 mode 2
Event: 0.769 Thread 0x000002829f08fb50 Uncommon trap: trap_request=0xffffffde fr.pc=0x00000282aeb312ac relative=0x000000000000010c
Event: 0.769 Thread 0x000002829f08fb50 Uncommon trap: reason=class_check action=maybe_recompile pc=0x00000282aeb312ac method=jdk.internal.misc.Unsafe.allocateUninitializedArray(Ljava/lang/Class;I)Ljava/lang/Object; @ 51 c2
Event: 0.769 Thread 0x000002829f08fb50 DEOPT PACKING pc=0x00000282aeb312ac sp=0x000000fbd3dfd4d0
Event: 0.769 Thread 0x000002829f08fb50 DEOPT UNPACKING pc=0x00000282ae566da3 sp=0x000000fbd3dfd458 mode 2
Event: 0.769 Thread 0x000002829f08fb50 Uncommon trap: trap_request=0xffffffde fr.pc=0x00000282aeb312ac relative=0x000000000000010c
Event: 0.769 Thread 0x000002829f08fb50 Uncommon trap: reason=class_check action=maybe_recompile pc=0x00000282aeb312ac method=jdk.internal.misc.Unsafe.allocateUninitializedArray(Ljava/lang/Class;I)Ljava/lang/Object; @ 51 c2
Event: 0.769 Thread 0x000002829f08fb50 DEOPT PACKING pc=0x00000282aeb312ac sp=0x000000fbd3dfd680
Event: 0.769 Thread 0x000002829f08fb50 DEOPT UNPACKING pc=0x00000282ae566da3 sp=0x000000fbd3dfd608 mode 2
Event: 0.769 Thread 0x000002829f08fb50 Uncommon trap: trap_request=0xffffffde fr.pc=0x00000282aeb312ac relative=0x000000000000010c
Event: 0.769 Thread 0x000002829f08fb50 Uncommon trap: reason=class_check action=maybe_recompile pc=0x00000282aeb312ac method=jdk.internal.misc.Unsafe.allocateUninitializedArray(Ljava/lang/Class;I)Ljava/lang/Object; @ 51 c2
Event: 0.769 Thread 0x000002829f08fb50 DEOPT PACKING pc=0x00000282aeb312ac sp=0x000000fbd3dfd640
Event: 0.769 Thread 0x000002829f08fb50 DEOPT UNPACKING pc=0x00000282ae566da3 sp=0x000000fbd3dfd5c8 mode 2
Event: 0.802 Thread 0x000002829f08fb50 DEOPT PACKING pc=0x00000282a719a9fe sp=0x000000fbd3df9ef0
Event: 0.802 Thread 0x000002829f08fb50 DEOPT UNPACKING pc=0x00000282ae567543 sp=0x000000fbd3df9360 mode 0

Classes loaded (20 events):
Event: 0.782 Loading class java/util/stream/MatchOps$BooleanTerminalSink
Event: 0.782 Loading class java/util/stream/MatchOps$BooleanTerminalSink done
Event: 0.783 Loading class java/util/stream/MatchOps$2MatchSink
Event: 0.783 Loading class java/util/stream/MatchOps$2MatchSink done
Event: 0.803 Loading class java/beans/PropertyEditorSupport
Event: 0.803 Loading class java/beans/PropertyEditor
Event: 0.803 Loading class java/beans/PropertyEditor done
Event: 0.803 Loading class java/beans/PropertyEditorSupport done
Event: 0.818 Loading class java/util/regex/Pattern$Neg
Event: 0.818 Loading class java/util/regex/Pattern$Neg done
Event: 0.820 Loading class java/lang/invoke/MethodHandle$1
Event: 0.821 Loading class java/lang/invoke/MethodHandle$1 done
Event: 0.822 Loading class java/util/stream/StreamSpliterators$WrappingSpliterator
Event: 0.823 Loading class java/util/stream/StreamSpliterators$AbstractWrappingSpliterator
Event: 0.823 Loading class java/util/stream/StreamSpliterators$AbstractWrappingSpliterator done
Event: 0.823 Loading class java/util/stream/StreamSpliterators$WrappingSpliterator done
Event: 0.823 Loading class java/util/stream/StreamSpliterators
Event: 0.823 Loading class java/util/stream/StreamSpliterators done
Event: 0.823 Loading class java/util/function/BooleanSupplier
Event: 0.823 Loading class java/util/function/BooleanSupplier done

Classes unloaded (0 events):
No events

Classes redefined (0 events):
No events

Internal exceptions (20 events):
Event: 0.658 Thread 0x000002829f08fb50 Exception <a 'java/lang/NoSuchMethodError'{0x00000000a7a6e9b0}: 'java.lang.Object java.lang.invoke.DirectMethodHandle$Holder.invokeInterface(java.lang.Object, java.lang.Object)'> (0x00000000a7a6e9b0) 
thrown [s\open\src\hotspot\share\interpreter\linkResolver.cpp, line 774]
Event: 0.666 Thread 0x000002829f08fb50 Exception <a 'java/lang/NoSuchMethodError'{0x00000000a7af37f0}: 'java.lang.Object java.lang.invoke.DirectMethodHandle$Holder.invokeSpecialIFC(java.lang.Object, java.lang.Object, java.lang.Object, java.lang.Object)'> (0x00000000a7af37f0) 
thrown [s\open\src\hotspot\share\interpreter\linkResolver.cpp, line 774]
Event: 0.668 Thread 0x000002829f08fb50 Exception <a 'java/lang/NoSuchMethodError'{0x00000000a790d4f0}: 'java.lang.Object java.lang.invoke.DirectMethodHandle$Holder.invokeInterface(java.lang.Object, java.lang.Object, java.lang.Object)'> (0x00000000a790d4f0) 
thrown [s\open\src\hotspot\share\interpreter\linkResolver.cpp, line 774]
Event: 0.685 Thread 0x000002829f08fb50 Exception <a 'java/lang/NoSuchMethodError'{0x00000000a79ed380}: 'int java.lang.invoke.DirectMethodHandle$Holder.invokeStaticInit(java.lang.Object, java.lang.Object, java.lang.Object)'> (0x00000000a79ed380) 
thrown [s\open\src\hotspot\share\interpreter\linkResolver.cpp, line 774]
Event: 0.691 Thread 0x000002829f08fb50 Exception <a 'java/lang/NoSuchMethodError'{0x00000000a78477c8}: 'java.lang.Object java.lang.invoke.DirectMethodHandle$Holder.newInvokeSpecial(java.lang.Object, java.lang.Object, java.lang.Object, java.lang.Object, java.lang.Object)'> (0x00000000a78477c8) 
thrown [s\open\src\hotspot\share\interpreter\linkResolver.cpp, line 774]
Event: 0.697 Thread 0x000002829f08fb50 Exception <a 'java/lang/NoSuchMethodError'{0x00000000a7898c18}: 'java.lang.Object java.lang.invoke.DirectMethodHandle$Holder.invokeStaticInit(java.lang.Object, java.lang.Object, java.lang.Object)'> (0x00000000a7898c18) 
thrown [s\open\src\hotspot\share\interpreter\linkResolver.cpp, line 774]
Event: 0.709 Thread 0x000002829f08fb50 Exception <a 'java/lang/IncompatibleClassChangeError'{0x00000000a770d9b8}: Found class java.lang.Object, but interface was expected> (0x00000000a770d9b8) 
thrown [s\open\src\hotspot\share\interpreter\linkResolver.cpp, line 841]
Event: 0.718 Thread 0x000002829f08fb50 Exception <a 'java/lang/NoSuchMethodError'{0x00000000a7785898}: 'java.lang.Object java.lang.invoke.DirectMethodHandle$Holder.invokeStaticInit(java.lang.Object)'> (0x00000000a7785898) 
thrown [s\open\src\hotspot\share\interpreter\linkResolver.cpp, line 774]
Event: 0.720 Thread 0x000002829f08fb50 Exception <a 'sun/nio/fs/WindowsException'{0x00000000a779ad30}> (0x00000000a779ad30) 
thrown [s\open\src\hotspot\share\prims\jni.cpp, line 517]
Event: 0.739 Thread 0x000002829f08fb50 Exception <a 'java/lang/NoSuchMethodError'{0x00000000a7694888}: 'java.lang.Object java.lang.invoke.Invokers$Holder.invokeExact_MT(java.lang.Object, java.lang.Object, java.lang.Object, java.lang.Object, java.lang.Object, java.lang.Object)'> (0x00000000a7694888) 
thrown [s\open\src\hotspot\share\interpreter\linkResolver.cpp, line 774]
Event: 0.770 Thread 0x000002829f08fb50 Exception <a 'java/lang/NoSuchMethodError'{0x00000000a74065d8}: 'java.lang.Object java.lang.invoke.DirectMethodHandle$Holder.invokeStatic(java.lang.Object, long, java.lang.Object)'> (0x00000000a74065d8) 
thrown [s\open\src\hotspot\share\interpreter\linkResolver.cpp, line 774]
Event: 0.770 Thread 0x000002829f08fb50 Exception <a 'java/lang/NoSuchMethodError'{0x00000000a7409c28}: 'java.lang.Object java.lang.invoke.DirectMethodHandle$Holder.invokeStaticInit(java.lang.Object, long, java.lang.Object)'> (0x00000000a7409c28) 
thrown [s\open\src\hotspot\share\interpreter\linkResolver.cpp, line 774]
Event: 0.770 Thread 0x000002829f08fb50 Exception <a 'java/lang/NoSuchMethodError'{0x00000000a740f9a8}: 'java.lang.Object java.lang.invoke.DirectMethodHandle$Holder.newInvokeSpecial(java.lang.Object, long)'> (0x00000000a740f9a8) 
thrown [s\open\src\hotspot\share\interpreter\linkResolver.cpp, line 774]
Event: 0.775 Thread 0x000002829f08fb50 Exception <a 'java/lang/NoSuchMethodError'{0x00000000a744fbf8}: 'int java.lang.invoke.DirectMethodHandle$Holder.invokeSpecial(java.lang.Object, java.lang.Object, java.lang.Object)'> (0x00000000a744fbf8) 
thrown [s\open\src\hotspot\share\interpreter\linkResolver.cpp, line 774]
Event: 0.791 Thread 0x000002829f08fb50 Exception <a 'java/lang/NoSuchMethodError'{0x00000000a73146a0}: 'int java.lang.invoke.DirectMethodHandle$Holder.invokeStatic(java.lang.Object, java.lang.Object, java.lang.Object, java.lang.Object)'> (0x00000000a73146a0) 
thrown [s\open\src\hotspot\share\interpreter\linkResolver.cpp, line 774]
Event: 0.812 Thread 0x000002829f08fb50 Exception <a 'java/lang/NoSuchMethodError'{0x00000000a7295be0}: 'java.lang.Object java.lang.invoke.DirectMethodHandle$Holder.newInvokeSpecial(java.lang.Object, java.lang.Object, java.lang.Object, java.lang.Object, java.lang.Object, java.lang.Object, java.lang.Object)'> (0x00000000a7295be0) 
thrown [s\open\src\hotspot\share\interpreter\linkResolver.cpp, line 774]
Event: 0.813 Thread 0x000002829f08fb50 Exception <a 'java/lang/NoSuchMethodError'{0x00000000a72b0d68}: 'void java.lang.invoke.DirectMethodHandle$Holder.invokeStaticInit(java.lang.Object, java.lang.Object)'> (0x00000000a72b0d68) 
thrown [s\open\src\hotspot\share\interpreter\linkResolver.cpp, line 774]
Event: 0.824 Thread 0x000002829f08fb50 Exception <a 'java/lang/NoSuchMethodError'{0x00000000a7159920}: 'java.lang.Object java.lang.invoke.DirectMethodHandle$Holder.invokeSpecial(java.lang.Object, java.lang.Object, java.lang.Object, java.lang.Object, java.lang.Object, java.lang.Object, int)'> (0x00000000a7159920) 
thrown [s\open\src\hotspot\share\interpreter\linkResolver.cpp, line 774]
Event: 0.824 Thread 0x000002829f08fb50 Exception <a 'java/lang/NoSuchMethodError'{0x00000000a7163ea0}: 'java.lang.Object java.lang.invoke.DirectMethodHandle$Holder.newInvokeSpecial(java.lang.Object, java.lang.Object, java.lang.Object, java.lang.Object, java.lang.Object, java.lang.Object, int)'> (0x00000000a7163ea0) 
thrown [s\open\src\hotspot\share\interpreter\linkResolver.cpp, line 774]
Event: 0.824 Thread 0x000002829f08fb50 Exception <a 'java/lang/NoSuchMethodError'{0x00000000a7168f08}: 'java.lang.Object java.lang.invoke.DirectMethodHandle$Holder.invokeSpecial(java.lang.Object, java.lang.Object, java.lang.Object, java.lang.Object, java.lang.Object, java.lang.Object, java.lang.Object, int)'> (0x00000000a7168f08) 
thrown [s\open\src\hotspot\share\interpreter\linkResolver.cpp, line 774]

VM Operations (20 events):
Event: 0.229 Executing VM operation: HandshakeAllThreads
Event: 0.229 Executing VM operation: HandshakeAllThreads done
Event: 0.260 Executing VM operation: HandshakeAllThreads
Event: 0.260 Executing VM operation: HandshakeAllThreads done
Event: 0.274 Executing VM operation: HandshakeAllThreads
Event: 0.274 Executing VM operation: HandshakeAllThreads done
Event: 0.280 Executing VM operation: HandshakeAllThreads
Event: 0.280 Executing VM operation: HandshakeAllThreads done
Event: 0.455 Executing VM operation: HandshakeAllThreads
Event: 0.455 Executing VM operation: HandshakeAllThreads done
Event: 0.472 Executing VM operation: G1CollectForAllocation
Event: 0.486 Executing VM operation: G1CollectForAllocation done
Event: 0.486 Executing VM operation: HandshakeAllThreads
Event: 0.486 Executing VM operation: HandshakeAllThreads done
Event: 0.650 Executing VM operation: HandshakeAllThreads
Event: 0.650 Executing VM operation: HandshakeAllThreads done
Event: 0.651 Executing VM operation: HandshakeAllThreads
Event: 0.651 Executing VM operation: HandshakeAllThreads done
Event: 0.721 Executing VM operation: HandshakeAllThreads
Event: 0.721 Executing VM operation: HandshakeAllThreads done

Events (14 events):
Event: 0.013 Thread 0x000002829f08fb50 Thread added: 0x000002829f08fb50
Event: 0.023 Thread 0x00000282bc906c70 Thread added: 0x00000282bc906c70
Event: 0.023 Thread 0x00000282bc907a60 Thread added: 0x00000282bc907a60
Event: 0.024 Thread 0x00000282bc90bd10 Thread added: 0x00000282bc90bd10
Event: 0.024 Thread 0x00000282bc90c840 Thread added: 0x00000282bc90c840
Event: 0.024 Thread 0x00000282bc90f180 Thread added: 0x00000282bc90f180
Event: 0.024 Thread 0x00000282bc911ac0 Thread added: 0x00000282bc911ac0
Event: 0.024 Thread 0x00000282bc916c30 Thread added: 0x00000282bc916c30
Event: 0.024 Thread 0x00000282bc9215c0 Thread added: 0x00000282bc9215c0
Event: 0.024 Thread 0x00000282bc925730 Thread added: 0x00000282bc925730
Event: 0.099 Thread 0x00000282c0cad410 Thread added: 0x00000282c0cad410
Event: 0.145 Thread 0x00000282c0ea0fe0 Thread added: 0x00000282c0ea0fe0
Event: 0.227 Thread 0x00000282c0e894b0 Thread added: 0x00000282c0e894b0
Event: 0.227 Thread 0x00000282c11635b0 Thread added: 0x00000282c11635b0


Dynamic libraries:
0x00007ff78e140000 - 0x00007ff78e14e000 	C:\Users\avira\.jdks\openjdk-19.0.2\bin\java.exe
0x00007ff8691b0000 - 0x00007ff8693c7000 	C:\WINDOWS\SYSTEM32\ntdll.dll
0x00007ff866ea0000 - 0x00007ff866f64000 	C:\WINDOWS\System32\KERNEL32.DLL
0x00007ff866aa0000 - 0x00007ff866e70000 	C:\WINDOWS\System32\KERNELBASE.dll
0x00007ff866600000 - 0x00007ff866711000 	C:\WINDOWS\System32\ucrtbase.dll
0x00007ff837d00000 - 0x00007ff837d17000 	C:\Users\avira\.jdks\openjdk-19.0.2\bin\jli.dll
0x00007ff837f00000 - 0x00007ff837f1b000 	C:\Users\avira\.jdks\openjdk-19.0.2\bin\VCRUNTIME140.dll
0x00007ff868320000 - 0x00007ff8684ce000 	C:\WINDOWS\System32\USER32.dll
0x00007ff866930000 - 0x00007ff866956000 	C:\WINDOWS\System32\win32u.dll
0x00007ff865740000 - 0x00007ff8659d2000 	C:\WINDOWS\WinSxS\amd64_microsoft.windows.common-controls_6595b64144ccf1df_6.0.22621.4830_none_270fe7d773858e80\COMCTL32.dll
0x00007ff868740000 - 0x00007ff868769000 	C:\WINDOWS\System32\GDI32.dll
0x00007ff8681e0000 - 0x00007ff868287000 	C:\WINDOWS\System32\msvcrt.dll
0x00007ff8664e0000 - 0x00007ff8665fb000 	C:\WINDOWS\System32\gdi32full.dll
0x00007ff866890000 - 0x00007ff86692a000 	C:\WINDOWS\System32\msvcp_win.dll
0x00007ff867320000 - 0x00007ff867351000 	C:\WINDOWS\System32\IMM32.DLL
0x00007ff848330000 - 0x00007ff84833c000 	C:\Users\avira\.jdks\openjdk-19.0.2\bin\vcruntime140_1.dll
0x00007fffee020000 - 0x00007fffee0ae000 	C:\Users\avira\.jdks\openjdk-19.0.2\bin\msvcp140.dll
0x00007fffed360000 - 0x00007fffee020000 	C:\Users\avira\.jdks\openjdk-19.0.2\bin\server\jvm.dll
0x00007ff867090000 - 0x00007ff867141000 	C:\WINDOWS\System32\ADVAPI32.dll
0x00007ff868770000 - 0x00007ff868817000 	C:\WINDOWS\System32\sechost.dll
0x00007ff866e70000 - 0x00007ff866e98000 	C:\WINDOWS\System32\bcrypt.dll
0x00007ff866f70000 - 0x00007ff867084000 	C:\WINDOWS\System32\RPCRT4.dll
0x00007ff861ac0000 - 0x00007ff861af4000 	C:\WINDOWS\SYSTEM32\WINMM.dll
0x00007ff856720000 - 0x00007ff856729000 	C:\WINDOWS\SYSTEM32\WSOCK32.dll
0x00007ff861b00000 - 0x00007ff861b0a000 	C:\WINDOWS\SYSTEM32\VERSION.dll
0x00007ff8682a0000 - 0x00007ff868311000 	C:\WINDOWS\System32\WS2_32.dll
0x00007ff864d10000 - 0x00007ff864d28000 	C:\WINDOWS\SYSTEM32\kernel.appcore.dll
0x00007ff8451d0000 - 0x00007ff8451da000 	C:\Users\avira\.jdks\openjdk-19.0.2\bin\jimage.dll
0x00007ff865ce0000 - 0x00007ff865f12000 	C:\WINDOWS\SYSTEM32\DBGHELP.DLL
0x00007ff868d70000 - 0x00007ff869100000 	C:\WINDOWS\System32\combase.dll
0x00007ff8673d0000 - 0x00007ff8674a7000 	C:\WINDOWS\System32\OLEAUT32.dll
0x00007ff865bc0000 - 0x00007ff865bf2000 	C:\WINDOWS\SYSTEM32\dbgcore.DLL
0x00007ff866a20000 - 0x00007ff866a9b000 	C:\WINDOWS\System32\bcryptPrimitives.dll
0x00007ff853a00000 - 0x00007ff853a0e000 	C:\Users\avira\.jdks\openjdk-19.0.2\bin\instrument.dll
0x00007ff82d720000 - 0x00007ff82d746000 	C:\Users\avira\.jdks\openjdk-19.0.2\bin\java.dll
0x00007fffed280000 - 0x00007fffed357000 	C:\Users\avira\.jdks\openjdk-19.0.2\bin\jsvml.dll
0x00007ff8674b0000 - 0x00007ff867d28000 	C:\WINDOWS\System32\SHELL32.dll
0x00007ff863c70000 - 0x00007ff864580000 	C:\WINDOWS\SYSTEM32\windows.storage.dll
0x00007ff863b30000 - 0x00007ff863c6f000 	C:\WINDOWS\SYSTEM32\wintypes.dll
0x00007ff868a10000 - 0x00007ff868b1a000 	C:\WINDOWS\System32\SHCORE.dll
0x00007ff868820000 - 0x00007ff86887e000 	C:\WINDOWS\System32\shlwapi.dll
0x00007ff866390000 - 0x00007ff8663bb000 	C:\WINDOWS\SYSTEM32\profapi.dll
0x00007ff82a9a0000 - 0x00007ff82a9b8000 	C:\Users\avira\.jdks\openjdk-19.0.2\bin\zip.dll
0x00007ff82dba0000 - 0x00007ff82dbb3000 	C:\Users\avira\.jdks\openjdk-19.0.2\bin\net.dll
0x00007ff861990000 - 0x00007ff861abc000 	C:\WINDOWS\SYSTEM32\WINHTTP.dll
0x00007ff8651a0000 - 0x00007ff86520a000 	C:\WINDOWS\system32\mswsock.dll
0x00007ff82b4e0000 - 0x00007ff82b4f6000 	C:\Users\avira\.jdks\openjdk-19.0.2\bin\nio.dll
0x00007ff8539e0000 - 0x00007ff8539fa000 	E:\intel\IntelliJ IDEA Community Edition 2023.1\bin\breakgen64.dll
0x00007ff8539d0000 - 0x00007ff8539d8000 	C:\Users\avira\.jdks\openjdk-19.0.2\bin\extnet.dll

dbghelp: loaded successfully - version: 4.0.5 - missing functions: none
symbol engine: initialized successfully - sym options: 0x614 - pdb path: .;C:\Users\avira\.jdks\openjdk-19.0.2\bin;C:\WINDOWS\SYSTEM32;C:\WINDOWS\WinSxS\amd64_microsoft.windows.common-controls_6595b64144ccf1df_6.0.22621.4830_none_270fe7d773858e80;C:\Users\avira\.jdks\openjdk-19.0.2\bin\server;E:\intel\IntelliJ IDEA Community Edition 2023.1\bin

VM Arguments:
jvm_args: -javaagent:E:\intel\IntelliJ IDEA Community Edition 2023.1\lib\idea_rt.jar=60760:E:\intel\IntelliJ IDEA Community Edition 2023.1\bin -Dfile.encoding=UTF-8 -Dsun.stdout.encoding=UTF-8 -Dsun.stderr.encoding=UTF-8 
java_command: com.example.jobms.JobmsApplication
java_class_path (initial): F:\spring_boot\jobms\target\classes;C:\Users\avira\.m2\repository\org\springframework\boot\spring-boot-starter-data-jpa\3.4.3\spring-boot-starter-data-jpa-3.4.3.jar;C:\Users\avira\.m2\repository\org\springframework\boot\spring-boot-starter\3.4.3\spring-boot-starter-3.4.3.jar;C:\Users\avira\.m2\repository\org\springframework\boot\spring-boot\3.4.3\spring-boot-3.4.3.jar;C:\Users\avira\.m2\repository\org\springframework\boot\spring-boot-autoconfigure\3.4.3\spring-boot-autoconfigure-3.4.3.jar;C:\Users\avira\.m2\repository\org\springframework\boot\spring-boot-starter-logging\3.4.3\spring-boot-starter-logging-3.4.3.jar;C:\Users\avira\.m2\repository\ch\qos\logback\logback-classic\1.5.16\logback-classic-1.5.16.jar;C:\Users\avira\.m2\repository\ch\qos\logback\logback-core\1.5.16\logback-core-1.5.16.jar;C:\Users\avira\.m2\repository\org\apache\logging\log4j\log4j-to-slf4j\2.24.3\log4j-to-slf4j-2.24.3.jar;C:\Users\avira\.m2\repository\org\apache\logging\log4j\log4j-api\2.24.3\log4j-api-2.24.3.jar;C:\Users\avira\.m2\repository\org\slf4j\jul-to-slf4j\2.0.16\jul-to-slf4j-2.0.16.jar;C:\Users\avira\.m2\repository\jakarta\annotation\jakarta.annotation-api\2.1.1\jakarta.annotation-api-2.1.1.jar;C:\Users\avira\.m2\repository\org\yaml\snakeyaml\2.3\snakeyaml-2.3.jar;C:\Users\avira\.m2\repository\org\springframework\boot\spring-boot-starter-jdbc\3.4.3\spring-boot-starter-jdbc-3.4.3.jar;C:\Users\avira\.m2\repository\com\zaxxer\HikariCP\5.1.0\HikariCP-5.1.0.jar;C:\Users\avira\.m2\repository\org\springframework\spring-jdbc\6.2.3\spring-jdbc-6.2.3.jar;C:\Users\avira\.m2\repository\org\hibernate\orm\hibernate-core\6.6.8.Final\hibernate-core-6.6.8.Final.jar;C:\Users\avira\.m2\repository\jakarta\persistence\jakarta.persistence-api\3.1.0\jakarta.persistence-api-3.1.0.jar;C:\Users\avira\.m2\repository\jakarta\transaction\jakarta.transaction-api\2.0.1\jakarta.transaction-api-2.0.1.jar;C:\Users\avira\.m2\repository\org\jboss\logging\jboss-logging\3.6.1.Final\jboss-logging-3.6.1.Final.jar;C:\Users\avira\.m2\repository\org\hibernate\common\hibernate-commons-annotations\7.0.3.Final\hibernate-commons-annotations-7.0.3.Final.jar;C:\Users\avira\.m2\repository\io\smallrye\jandex\3.2.0\jandex-3.2.0.jar;C:\Users\avira\.m2\repository\com\fasterxml\classmate\1.7.0\classmate-1.7.0.jar;C:\Users\avira\.m2\repository\net\bytebuddy\byte-buddy\1.15.11\byte-buddy-1.15.11.jar;C:\Users\avira\.m2\repository\org\glassfish\jaxb\jaxb-runtime\4.0.5\jaxb-runtime-4.0.5.jar;C:\Users\avira\.m2\repository\org\glassfish\jaxb\jaxb-core\4.0.5\jaxb-core-4.0.5.jar;C:\Users\avira\.m2\repository\org\eclipse\angus\angus-activation\2.0.2\angus-activation-2.0.2.jar;C:\Users\avira\.m2\repository\org\glassfish\jaxb\txw2\4.0.5\txw2-4.0.5.jar;C:\Users\avira\.m2\repository\com\sun\istack\istack-commons-runtime\4.1.2\istack-commons-runtime-4.1.2.jar;C:\Users\avira\.m2\repository\jakarta\inject\jakarta.inject-api\2.0.1\jakarta.inject-api-2.0.1.jar;C:\Users\avira\.m2\repository\org\antlr\antlr4-runtime\4.13.0\antlr4-runtime-4.13.0.jar;C:\Users\avira\.m2\repository\org\springframework\data\spring-data-jpa\3.4.3\spring-data-jpa-3.4.3.jar;C:\Users\avira\.m2\repository\org\springframework\data\spring-data-commons\3.4.3\spring-data-commons-3.4.3.jar;C:\Users\avira\.m2\repository\org\springframework\spring-orm\6.2.3\spring-orm-6.2.3.jar;C:\Users\avira\.m2\repository\org\springframework\spring-context\6.2.3\spring-context-6.2.3.jar;C:\Users\avira\.m2\repository\org\springframework\spring-aop\6.2.3\spring-aop-6.2.3.jar;C:\Users\avira\.m2\repository\org\springframework\spring-tx\6.2.3\spring-tx-6.2.3.jar;C:\Users\avira\.m2\repository\org\springframework\spring-beans\6.2.3\spring-beans-6.2.3.jar;C:\Users\avira\.m2\repository\org\slf4j\slf4j-api\2.0.16\slf4j-api-2.0.16.jar;C:\Users\avira\.m2\repository\org\springframework\spring-aspects\6.2.3\spring-aspects-6.2.3.jar;C:\Users\avira\.m2\repository\org\aspectj\aspectjweaver\1.9.22.1\aspectjweaver-1.9.22.1.jar;C:\Users\avira\.m2\repository\org\springframework\boot\spring-boot-starter-web\3.4.3\spring-boot-starter-web-3.4.3.jar;C:\Users\avira\.m2\repository\org\springframework\boot\spring-boot-starter-json\3.4.3\spring-boot-starter-json-3.4.3.jar;C:\Users\avira\.m2\repository\com\fasterxml\jackson\core\jackson-databind\2.18.2\jackson-databind-2.18.2.jar;C:\Users\avira\.m2\repository\com\fasterxml\jackson\datatype\jackson-datatype-jdk8\2.18.2\jackson-datatype-jdk8-2.18.2.jar;C:\Users\avira\.m2\repository\com\fasterxml\jackson\datatype\jackson-datatype-jsr310\2.18.2\jackson-datatype-jsr310-2.18.2.jar;C:\Users\avira\.m2\repository\com\fasterxml\jackson\module\jackson-module-parameter-names\2.18.2\jackson-module-parameter-names-2.18.2.jar;C:\Users\avira\.m2\repository\org\springframework\boot\spring-boot-starter-tomcat\3.4.3\spring-boot-starter-tomcat-3.4.3.jar;C:\Users\avira\.m2\repository\org\apache\tomcat\embed\tomcat-embed-core\10.1.36\tomcat-embed-core-10.1.36.jar;C:\Users\avira\.m2\repository\org\apache\tomcat\embed\tomcat-embed-el\10.1.36\tomcat-embed-el-10.1.36.jar;C:\Users\avira\.m2\repository\org\apache\tomcat\embed\tomcat-embed-websocket\10.1.36\tomcat-embed-websocket-10.1.36.jar;C:\Users\avira\.m2\repository\org\springframework\spring-web\6.2.3\spring-web-6.2.3.jar;C:\Users\avira\.m2\repository\io\micrometer\micrometer-observation\1.14.4\micrometer-observation-1.14.4.jar;C:\Users\avira\.m2\repository\io\micrometer\micrometer-commons\1.14.4\micrometer-commons-1.14.4.jar;C:\Users\avira\.m2\repository\org\springframework\spring-webmvc\6.2.3\spring-webmvc-6.2.3.jar;C:\Users\avira\.m2\repository\org\springframework\spring-expression\6.2.3\spring-expression-6.2.3.jar;C:\Users\avira\.m2\repository\com\h2database\h2\2.3.232\h2-2.3.232.jar;C:\Users\avira\.m2\repository\jakarta\xml\bind\jakarta.xml.bind-api\4.0.2\jakarta.xml.bind-api-4.0.2.jar;C:\Users\avira\.m2\repository\jakarta\activation\jakarta.activation-api\2.1.3\jakarta.activation-api-2.1.3.jar;C:\Users\avira\.m2\repository\org\springframework\spring-core\6.2.3\spring-core-6.2.3.jar;C:\Users\avira\.m2\repository\org\springframework\spring-jcl\6.2.3\spring-jcl-6.2.3.jar;C:\Users\avira\.m2\repository\org\postgresql\postgresql\42.7.5\postgresql-42.7.5.jar;C:\Users\avira\.m2\repository\org\checkerframework\checker-qual\3.48.3\checker-qual-3.48.3.jar;C:\Users\avira\.m2\repository\org\springframework\cloud\spring-cloud-starter-netflix-eureka-client\4.2.0\spring-cloud-starter-netflix-eureka-client-4.2.0.jar;C:\Users\avira\.m2\repository\org\springframework\cloud\spring-cloud-starter\4.2.0\spring-cloud-starter-4.2.0.jar;C:\Users\avira\.m2\repository\org\springframework\cloud\spring-cloud-context\4.2.0\spring-cloud-context-4.2.0.jar;C:\Users\avira\.m2\repository\org\springframework\security\spring-security-crypto\6.4.3\spring-security-crypto-6.4.3.jar;C:\Users\avira\.m2\repository\org\springframework\cloud\spring-cloud-commons\4.2.0\spring-cloud-commons-4.2.0.jar;C:\Users\avira\.m2\repository\org\bouncycastle\bcprov-jdk18on\1.78.1\bcprov-jdk18on-1.78.1.jar;C:\Users\avira\.m2\repository\org\springframework\cloud\spring-cloud-netflix-eureka-client\4.2.0\spring-cloud-netflix-eureka-client-4.2.0.jar;C:\Users\avira\.m2\repository\org\apache\httpcomponents\client5\httpclient5\5.4.2\httpclient5-5.4.2.jar;C:\Users\avira\.m2\repository\org\apache\httpcomponents\core5\httpcore5\5.3.3\httpcore5-5.3.3.jar;C:\Users\avira\.m2\repository\org\apache\httpcomponents\core5\httpcore5-h2\5.3.3\httpcore5-h2-5.3.3.jar;C:\Users\avira\.m2\repository\com\netflix\eureka\eureka-client\2.0.4\eureka-client-2.0.4.jar;C:\Users\avira\.m2\repository\com\thoughtworks\xstream\xstream\1.4.20\xstream-1.4.20.jar;C:\Users\avira\.m2\repository\io\github\x-stream\mxparser\1.2.2\mxparser-1.2.2.jar;C:\Users\avira\.m2\repository\xmlpull\xmlpull\1.1.3.1\xmlpull-1.1.3.1.jar;C:\Users\avira\.m2\repository\jakarta\ws\rs\jakarta.ws.rs-api\3.1.0\jakarta.ws.rs-api-3.1.0.jar;C:\Users\avira\.m2\repository\com\netflix\spectator\spectator-api\1.7.3\spectator-api-1.7.3.jar;C:\Users\avira\.m2\repository\org\apache\httpcomponents\httpclient\4.5.3\httpclient-4.5.3.jar;C:\Users\avira\.m2\repository\org\apache\httpcomponents\httpcore\4.4.16\httpcore-4.4.16.jar;C:\Users\avira\.m2\repository\commons-codec\commons-codec\1.17.2\commons-codec-1.17.2.jar;C:\Users\avira\.m2\repository\commons-configuration\commons-configuration\1.10\commons-configuration-1.10.jar;C:\Users\avira\.m2\repository\commons-lang\commons-lang\2.6\commons-lang-2.6.jar;C:\Users\avira\.m2\repository\com\fasterxml\jackson\core\jackson-annotations\2.18.2\jackson-annotations-2.18.2.jar;C:\Users\avira\.m2\repository\com\fasterxml\jackson\core\jackson-core\2.18.2\jackson-core-2.18.2.jar;C:\Users\avira\.m2\repository\com\netflix\netflix-commons\netflix-eventbus\0.3.0\netflix-eventbus-0.3.0.jar;C:\Users\avira\.m2\repository\com\netflix\netflix-commons\netflix-infix\0.3.0\netflix-infix-0.3.0.jar;C:\Users\avira\.m2\repository\commons-jxpath\commons-jxpath\1.3\commons-jxpath-1.3.jar;C:\Users\avira\.m2\repository\joda-time\joda-time\2.3\joda-time-2.3.jar;C:\Users\avira\.m2\repository\org\antlr\antlr-runtime\3.4\antlr-runtime-3.4.jar;C:\Users\avira\.m2\repository\org\antlr\stringtemplate\3.2.1\stringtemplate-3.2.1.jar;C:\Users\avira\.m2\repository\antlr\antlr\2.7.7\antlr-2.7.7.jar;C:\Users\avira\.m2\repository\com\google\guava\guava\14.0.1\guava-14.0.1.jar;C:\Users\avira\.m2\repository\com\google\code\gson\gson\2.11.0\gson-2.11.0.jar;C:\Users\avira\.m2\repository\com\google\errorprone\error_prone_annotations\2.27.0\error_prone_annotations-2.27.0.jar;C:\Users\avira\.m2\repository\com\netflix\servo\servo-core\0.5.3\servo-core-0.5.3.jar;C:\Users\avira\.m2\repository\org\apache\commons\commons-math\2.2\commons-math-2.2.jar;C:\Users\avira\.m2\repository\javax\annotation\javax.annotation-api\1.2\javax.annotation-api-1.2.jar;C:\Users\avira\.m2\repository\org\codehaus\jettison\jettison\1.5.4\jettison-1.5.4.jar;C:\Users\avira\.m2\repository\org\springframework\cloud\spring-cloud-starter-loadbalancer\4.2.0\spring-cloud-starter-loadbalancer-4.2.0.jar;C:\Users\avira\.m2\repository\org\springframework\cloud\spring-cloud-loadbalancer\4.2.0\spring-cloud-loadbalancer-4.2.0.jar;C:\Users\avira\.m2\repository\io\projectreactor\reactor-core\3.7.3\reactor-core-3.7.3.jar;C:\Users\avira\.m2\repository\org\reactivestreams\reactive-streams\1.0.4\reactive-streams-1.0.4.jar;C:\Users\avira\.m2\repository\io\projectreactor\addons\reactor-extra\3.5.2\reactor-extra-3.5.2.jar;C:\Users\avira\.m2\repository\org\springframework\boot\spring-boot-starter-cache\3.4.3\spring-boot-starter-cache-3.4.3.jar;C:\Users\avira\.m2\repository\org\springframework\spring-context-support\6.2.3\spring-context-support-6.2.3.jar;C:\Users\avira\.m2\repository\com\stoyanr\evictor\1.0.0\evictor-1.0.0.jar
Launcher Type: SUN_STANDARD

[Global flags]
     intx CICompilerCount                          = 4                                         {product} {ergonomic}
     uint ConcGCThreads                            = 3                                         {product} {ergonomic}
     uint G1ConcRefinementThreads                  = 10                                        {product} {ergonomic}
   size_t G1HeapRegionSize                         = 1048576                                   {product} {ergonomic}
    uintx GCDrainStackTargetSize                   = 64                                        {product} {ergonomic}
   size_t InitialHeapSize                          = 98566144                                  {product} {ergonomic}
   size_t MarkStackSize                            = 4194304                                   {product} {ergonomic}
   size_t MaxHeapSize                              = 1572864000                                {product} {ergonomic}
   size_t MaxNewSize                               = 943718400                                 {product} {ergonomic}
   size_t MinHeapDeltaBytes                        = 1048576                                   {product} {ergonomic}
   size_t MinHeapSize                              = 8388608                                   {product} {ergonomic}
    uintx NonNMethodCodeHeapSize                   = 5839372                                {pd product} {ergonomic}
    uintx NonProfiledCodeHeapSize                  = 122909434                              {pd product} {ergonomic}
    uintx ProfiledCodeHeapSize                     = 122909434                              {pd product} {ergonomic}
    uintx ReservedCodeCacheSize                    = 251658240                              {pd product} {ergonomic}
     bool SegmentedCodeCache                       = true                                      {product} {ergonomic}
   size_t SoftMaxHeapSize                          = 1572864000                             {manageable} {ergonomic}
     bool UseCompressedClassPointers               = true                           {product lp64_product} {ergonomic}
     bool UseCompressedOops                        = true                           {product lp64_product} {ergonomic}
     bool UseG1GC                                  = true                                      {product} {ergonomic}
     bool UseLargePagesIndividualAllocation        = false                                  {pd product} {ergonomic}

Logging:
Log output configuration:
 #0: stdout all=warning uptime,level,tags foldmultilines=false
 #1: stderr all=off uptime,level,tags foldmultilines=false

Environment Variables:
PATH=C:\Program Files\Common Files\Oracle\Java\javapath;C:\Windows\system32;C:\Windows;C:\Windows\System32\Wbem;C:\Windows\System32\WindowsPowerShell\v1.0\;C:\Windows\System32\OpenSSH\;C:\Program Files (x86)\NVIDIA Corporation\PhysX\Common;C:\Program Files\NVIDIA Corporation\NVIDIA NvDLISR;C:\WINDOWS\system32;C:\WINDOWS;C:\WINDOWS\System32\Wbem;C:\WINDOWS\System32\WindowsPowerShell\v1.0\;C:\WINDOWS\System32\OpenSSH\;E:\mingw\bin;E:\java installer\bin;C:\Program Files\dotnet\;C:\Program Files\Git\cmd;C:\maven_home\apache-maven-3.9.9\bin;;C:\Program Files\Docker\Docker\resources\bin;C:\Users\avira\AppData\Local\Microsoft\WindowsApps;E:\mingw\bin;C:\Users\avira\AppData\Local\Programs\Microsoft VS Code\bin;D:\mongoShell\
USERNAME=avira
OS=Windows_NT
PROCESSOR_IDENTIFIER=AMD64 Family 25 Model 80 Stepping 0, AuthenticAMD
TMP=C:\Users\avira\AppData\Local\Temp
TEMP=C:\Users\avira\AppData\Local\Temp



---------------  S Y S T E M  ---------------

OS:
 Windows 11 , 64 bit Build 22621 (10.0.22621.4830)
OS uptime: 0 days 2:43 hours
Hyper-V role detected

CPU: total 12 (initial active 12) (12 cores per cpu, 2 threads per core) family 25 model 80 stepping 0 microcode 0x0, cx8, cmov, fxsr, ht, mmx, 3dnowpref, sse, sse2, sse3, ssse3, sse4a, sse4.1, sse4.2, popcnt, lzcnt, tsc, tscinvbit, avx, avx2, aes, erms, clmul, bmi1, bmi2, adx, sha, fma, vzeroupper, clflush, clflushopt, hv, rdtscp, rdpid, fsrm

Memory: 4k page, system-wide physical 5996M (311M free)
TotalPageFile size 18495M (AvailPageFile size 4M)
current process WorkingSet (physical memory assigned to process): 100M, peak: 100M
current process commit charge ("private bytes"): 205M, peak: 205M

vm_info: OpenJDK 64-Bit Server VM (19.0.2+7-44) for windows-amd64 JRE (19.0.2+7-44), built on 2022-11-30T18:02:09Z by "mach5one" with MS VC++ 17.1 (VS2022)

END.
